#
# A fatal error has been detected by the Java Runtime Environment:
#
#  SIGSEGV (0xb) at pc=0x00007fb6c066231e, pid=5344, tid=5359
#
# JRE version: OpenJDK Runtime Environment (11.0.11+9) (build 11.0.11+9-Ubuntu-0ubuntu2)
# Java VM: OpenJDK 64-Bit Server VM (11.0.11+9-Ubuntu-0ubuntu2, mixed mode, sharing, tiered, compressed oops, g1 gc, linux-amd64)
# Problematic frame:
# C  [libjimage.so+0x331e]
#
# Core dump will be written. Default location: Core dumps may be processed with "/usr/share/apport/apport %p %s %c %d %P %E" (or dumping to /home/dev/Downloads/website/core.5344)
#
# If you would like to submit a bug report, please visit:
#   https://bugs.launchpad.net/ubuntu/+source/openjdk-lts
#

---------------  S U M M A R Y ------------

Command Line: -agentlib:jdwp=transport=dt_socket,server=n,suspend=y,address=127.0.0.1:41597 -Dfile.encoding=UTF-8 -Duser.country=IN -Duser.language=en -Duser.variant com.clinic.website.WebsiteApplication

Host: Intel(R) Core(TM) i3-2100 CPU @ 3.10GHz, 4 cores, 7G, Ubuntu 21.04
Time: Sat Aug 28 21:54:08 2021 IST elapsed time: 5132.666743 seconds (0d 1h 25m 32s)

---------------  T H R E A D  ---------------

Current thread (0x00007fb6b8124800):  JavaThread "Signal Dispatcher" daemon [_thread_in_vm, id=5359, stack(0x00007fb6bc43a000,0x00007fb6bc53b000)]

Stack: [0x00007fb6bc43a000,0x00007fb6bc53b000],  sp=0x00007fb6bc538170,  free space=1016k
Native frames: (J=compiled Java code, A=aot compiled Java code, j=interpreted, Vv=VM code, C=native code)
C  [libjimage.so+0x331e]
C  [libjimage.so+0x3fd2]
C  [libjimage.so+0x44d1]  JIMAGE_FindResource+0xf1
V  [libjvm.so+0x5af541]
V  [libjvm.so+0x5b1da1]
V  [libjvm.so+0xde49bd]
V  [libjvm.so+0xde34fa]
V  [libjvm.so+0xde5c2b]
V  [libjvm.so+0x662169]
V  [libjvm.so+0x84b176]
j  jdk.internal.misc.Signal.dispatch(I)V+25 java.base@11.0.11
v  ~StubRoutines::call_stub
V  [libjvm.so+0x854801]
V  [libjvm.so+0x853802]
V  [libjvm.so+0xbc5e0b]
V  [libjvm.so+0xe1b1e3]
V  [libjvm.so+0xe18370]
V  [libjvm.so+0xbd7c16]

Java frames: (J=compiled Java code, j=interpreted, Vv=VM code)
j  jdk.internal.misc.Signal.dispatch(I)V+25 java.base@11.0.11
v  ~StubRoutines::call_stub

siginfo: si_signo: 11 (SIGSEGV), si_code: 1 (SEGV_MAPERR), si_addr: 0x00007fb6af87e8e0

Register to memory mapping:

RAX=0x00007fb6c0666b30: <offset 0x0000000000007b30> in /usr/lib/jvm/java-11-openjdk-amd64/lib/libjimage.so at 0x00007fb6c065f000
RBX=0x00007fb6bc538221 is pointing into the stack for thread: 0x00007fb6b8124800
RCX=0x00007fb6bc538243 is pointing into the stack for thread: 0x00007fb6b8124800
RDX=0x0000000000001a31 is an unknown value
RSP=0x00007fb6bc538170 is pointing into the stack for thread: 0x00007fb6b8124800
RBP=0x00007fb6bc538190 is pointing into the stack for thread: 0x00007fb6b8124800
RSI=0x00007fb6af87801c is an unknown value
RDI=0x00007fb6c0667030: <offset 0x0000000000008030> in /usr/lib/jvm/java-11-openjdk-amd64/lib/libjimage.so at 0x00007fb6c065f000
R8 =0x000000000000b0c1 is an unknown value
R9 =0x00007fb6bc539030 is pointing into the stack for thread: 0x00007fb6b8124800
R10=0x00007fb6c0611040: <offset 0x00000000001a5040> in /lib/x86_64-linux-gnu/libc.so.6 at 0x00007fb6c046c000
R11=0x00007fb6c0612770: <offset 0x00000000001a6770> in /lib/x86_64-linux-gnu/libc.so.6 at 0x00007fb6c046c000
R12=0x000000000000843b is an unknown value
R13=0x00007fb6bc538220 is pointing into the stack for thread: 0x00007fb6b8124800
R14=0x0 is NULL
R15=0x00007fb6b8125530 points into unknown readable memory: 0x65746e692f6b646a | 6a 64 6b 2f 69 6e 74 65


Registers:
RAX=0x00007fb6c0666b30, RBX=0x00007fb6bc538221, RCX=0x00007fb6bc538243, RDX=0x0000000000001a31
RSP=0x00007fb6bc538170, RBP=0x00007fb6bc538190, RSI=0x00007fb6af87801c, RDI=0x00007fb6c0667030
R8 =0x000000000000b0c1, R9 =0x00007fb6bc539030, R10=0x00007fb6c0611040, R11=0x00007fb6c0612770
R12=0x000000000000843b, R13=0x00007fb6bc538220, R14=0x0000000000000000, R15=0x00007fb6b8125530
RIP=0x00007fb6c066231e, EFLAGS=0x0000000000010246, CSGSFS=0x002b000000000033, ERR=0x0000000000000004
  TRAPNO=0x000000000000000e

Top of Stack: (sp=0x00007fb6bc538170)
0x00007fb6bc538170:   0000000000000000 00007fb6bc5392b8
0x00007fb6bc538180:   00007fb6b80287d0 00007fb6bc538220
0x00007fb6bc538190:   00007fb6bc538200 00007fb6c0662fd2
0x00007fb6bc5381a0:   0000000000000000 0000000000000000 

Instructions: (pc=0x00007fb6c066231e)
0x00007fb6c066221e:   48 8d 50 1c 49 01 c5 48 89 53 50 44 89 e2 48 01
0x00007fb6c066222e:   c2 4c 89 6b 58 48 89 53 60 43 8d 14 04 48 01 d0
0x00007fb6c066223e:   48 89 43 68 e8 79 f0 ff ff 48 8b 53 10 48 85 c0
0x00007fb6c066224e:   48 89 18 48 89 50 08 48 89 43 70 0f 95 c0 e9 a7
0x00007fb6c066225e:   fe ff ff 90 66 66 2e 0f 1f 84 00 00 00 00 00 0f
0x00007fb6c066226e:   1f 00 f3 0f 1e fa 0f b6 07 89 f2 48 8d 4f 01 84
0x00007fb6c066227e:   c0 74 20 0f 1f 80 00 00 00 00 69 d2 93 01 00 01
0x00007fb6c066228e:   0f b6 c0 48 83 c1 01 31 c2 0f b6 41 ff 84 c0 75
0x00007fb6c066229e:   e9 89 d6 89 f0 25 ff ff ff 7f c3 90 66 0f 1f 44
0x00007fb6c06622ae:   00 00 f3 0f 1e fa 48 85 d2 0f 84 da 00 00 00 55
0x00007fb6c06622be:   48 89 e5 41 55 41 54 41 89 cc 53 48 83 ec 08 85
0x00007fb6c06622ce:   c9 0f 84 ba 00 00 00 49 89 f5 48 89 d6 41 0f b6
0x00007fb6c06622de:   55 00 49 8d 5d 01 84 d2 0f 84 9c 00 00 00 48 89
0x00007fb6c06622ee:   d9 b8 93 01 00 01 0f 1f 40 00 69 c0 93 01 00 01
0x00007fb6c06622fe:   0f b6 d2 48 83 c1 01 31 d0 0f b6 51 ff 84 d2 75
0x00007fb6c066230e:   e9 25 ff ff ff 7f 31 d2 41 f7 f4 48 8b 07 89 d2
0x00007fb6c066231e:   8b 34 96 ff 50 20 85 c0 7f 18 74 65 f7 d0 41 89
0x00007fb6c066232e:   c0 48 83 c4 08 44 89 c0 5b 41 5c 41 5d 5d c3 0f
0x00007fb6c066233e:   1f 00 41 0f b6 4d 00 89 c6 84 c9 74 1e 0f 1f 44
0x00007fb6c066234e:   00 00 69 f6 93 01 00 01 0f b6 c9 48 83 c3 01 31
0x00007fb6c066235e:   ce 0f b6 4b ff 84 c9 75 e9 89 f0 25 ff ff ff 7f
0x00007fb6c066236e:   31 d2 48 83 c4 08 41 f7 f4 5b 41 5c 41 5d 5d 41
0x00007fb6c066237e:   89 d0 44 89 c0 c3 0f 1f 40 00 b8 93 01 00 01 eb
0x00007fb6c066238e:   85 41 b8 ff ff ff ff eb 98 41 83 c8 ff 44 89 c0
0x00007fb6c066239e:   c3 90 f3 0f 1e fa eb 1d 66 2e 0f 1f 84 00 00 00
0x00007fb6c06623ae:   00 00 0f b6 16 84 d2 74 13 38 c2 75 15 48 83 c7
0x00007fb6c06623be:   01 48 83 c6 01 0f b6 07 84 c0 75 e6 48 89 f8 c3
0x00007fb6c06623ce:   66 90 31 c0 c3 90 66 66 2e 0f 1f 84 00 00 00 00
0x00007fb6c06623de:   00 90 f3 0f 1e fa 49 89 f9 49 89 f2 48 85 f6 74
0x00007fb6c06623ee:   5c 41 0f b6 02 84 c0 74 54 66 0f 1f 84 00 00 00
0x00007fb6c06623fe:   00 00 89 c2 89 c7 83 e0 07 c0 ea 03 49 8d 74 02
0x00007fb6c066240e:   02 83 e7 07 31 c0 44 0f b6 c2 49 8d 52 01 0f 1f 


Stack slot to memory mapping:
stack at sp + 0 slots: 0x0 is NULL
stack at sp + 1 slots: 0x00007fb6bc5392b8 is pointing into the stack for thread: 0x00007fb6b8124800
stack at sp + 2 slots: 0x00007fb6b80287d0 points into unknown readable memory: 0x00007fb19f6bbfe8 | e8 bf 6b 9f b1 7f 00 00
stack at sp + 3 slots: 0x00007fb6bc538220 is pointing into the stack for thread: 0x00007fb6b8124800
stack at sp + 4 slots: 0x00007fb6bc538200 is pointing into the stack for thread: 0x00007fb6b8124800
stack at sp + 5 slots: 0x00007fb6c0662fd2: <offset 0x0000000000003fd2> in /usr/lib/jvm/java-11-openjdk-amd64/lib/libjimage.so at 0x00007fb6c065f000
stack at sp + 6 slots: 0x0 is NULL
stack at sp + 7 slots: 0x0 is NULL


---------------  P R O C E S S  ---------------

Threads class SMR info:
_java_thread_list=0x00007fb65c001a10, length=33, elements={
0x00007fb6b8115000, 0x00007fb6b811f000, 0x00007fb6b8124800, 0x00007fb6b8126800,
0x00007fb6b8129000, 0x00007fb6b812b000, 0x00007fb6b812d000, 0x00007fb6b81bd800,
0x00007fb6b81c1800, 0x00007fb6b81c7800, 0x00007fb644d74000, 0x00007fb644d75000,
0x00007fb62c043800, 0x00007fb63019c800, 0x00007fb644f0c000, 0x00007fb64503e000,
0x00007fb645105800, 0x00007fb645277800, 0x00007fb644c50000, 0x00007fb645449000,
0x00007fb64544a000, 0x00007fb64545a000, 0x00007fb6454cf000, 0x00007fb6454d3800,
0x00007fb6b801c800, 0x00007fb6301c7000, 0x00007fb6301c8000, 0x00007fb63800a800,
0x00007fb62800f000, 0x00007fb624019000, 0x00007fb61c003800, 0x00007fb6301a8800,
0x00007fb650002000
}

Java Threads: ( => current thread )
  0x00007fb6b8115000 JavaThread "Reference Handler" daemon [_thread_blocked, id=5357, stack(0x00007fb6bc63c000,0x00007fb6bc73d000)]
  0x00007fb6b811f000 JavaThread "Finalizer" daemon [_thread_blocked, id=5358, stack(0x00007fb6bc53b000,0x00007fb6bc63c000)]
=>0x00007fb6b8124800 JavaThread "Signal Dispatcher" daemon [_thread_in_vm, id=5359, stack(0x00007fb6bc43a000,0x00007fb6bc53b000)]
  0x00007fb6b8126800 JavaThread "Service Thread" daemon [_thread_blocked, id=5360, stack(0x00007fb6bc339000,0x00007fb6bc43a000)]
  0x00007fb6b8129000 JavaThread "C2 CompilerThread0" daemon [_thread_blocked, id=5361, stack(0x00007fb6bc238000,0x00007fb6bc339000)]
  0x00007fb6b812b000 JavaThread "C1 CompilerThread0" daemon [_thread_blocked, id=5362, stack(0x00007fb6bc137000,0x00007fb6bc238000)]
  0x00007fb6b812d000 JavaThread "Sweeper thread" daemon [_thread_blocked, id=5363, stack(0x00007fb6bc036000,0x00007fb6bc137000)]
  0x00007fb6b81bd800 JavaThread "JDWP Transport Listener: dt_socket" daemon [_thread_in_native, id=5364, stack(0x00007fb6a0777000,0x00007fb6a0878000)]
  0x00007fb6b81c1800 JavaThread "JDWP Event Helper Thread" daemon [_thread_blocked, id=5366, stack(0x00007fb6a0676000,0x00007fb6a0777000)]
  0x00007fb6b81c7800 JavaThread "Common-Cleaner" daemon [_thread_blocked, id=5370, stack(0x00007fb6a0372000,0x00007fb6a0473000)]
  0x00007fb644d74000 JavaThread "cluster-ClusterId{value='612a4f2775969a5060d2091e', description='null'}-localhost:27017" daemon [_thread_blocked, id=5386, stack(0x00007fb637cbb000,0x00007fb637dbc000)]
  0x00007fb644d75000 JavaThread "cluster-rtt-ClusterId{value='612a4f2775969a5060d2091e', description='null'}-localhost:27017" daemon [_thread_blocked, id=5387, stack(0x00007fb690d1a000,0x00007fb690e1b000)]
  0x00007fb62c043800 JavaThread "nioEventLoopGroup-3-2" [_thread_in_native, id=5388, stack(0x00007fb690005000,0x00007fb690106000)]
  0x00007fb63019c800 JavaThread "nioEventLoopGroup-3-1" [_thread_in_native, id=5389, stack(0x00007fb636ee2000,0x00007fb636fe3000)]
  0x00007fb644f0c000 JavaThread "Live Reload Server" daemon [_thread_in_native, id=5393, stack(0x00007fb6370b9000,0x00007fb6371ba000)]
  0x00007fb64503e000 JavaThread "boundedElastic-evictor-1" daemon [_thread_blocked, id=5394, stack(0x00007fb6371ba000,0x00007fb6372bb000)]
  0x00007fb645105800 JavaThread "spring.cloud.inetutils" daemon [_thread_blocked, id=5395, stack(0x00007fb6345df000,0x00007fb6346e0000)]
  0x00007fb645277800 JavaThread "File Watcher" daemon [_thread_blocked, id=5396, stack(0x00007fb6342de000,0x00007fb6343df000)]
  0x00007fb644c50000 JavaThread "AsyncResolver-bootstrap-0" daemon [_thread_blocked, id=5397, stack(0x00007fb621efd000,0x00007fb621ffe000)]
  0x00007fb645449000 JavaThread "DiscoveryClient-0" daemon [_thread_blocked, id=5398, stack(0x00007fb621bfc000,0x00007fb621cfd000)]
  0x00007fb64544a000 JavaThread "DiscoveryClient-1" daemon [_thread_blocked, id=5399, stack(0x00007fb621afb000,0x00007fb621bfc000)]
  0x00007fb64545a000 JavaThread "DiscoveryClient-InstanceInfoReplicator-0" daemon [_thread_blocked, id=5400, stack(0x00007fb6219fa000,0x00007fb621afb000)]
  0x00007fb6454cf000 JavaThread "reactor-http-epoll-1" daemon [_thread_in_native, id=5401, stack(0x00007fb6214e8000,0x00007fb6215e9000)]
  0x00007fb6454d3800 JavaThread "server" [_thread_blocked, id=5402, stack(0x00007fb6213e7000,0x00007fb6214e8000)]
  0x00007fb6b801c800 JavaThread "DestroyJavaVM" [_thread_blocked, id=5345, stack(0x00007fb6becfb000,0x00007fb6bedfc000)]
  0x00007fb6301c7000 JavaThread "reactor-http-epoll-2" daemon [_thread_in_native, id=5418, stack(0x00007fb6980dd000,0x00007fb6981de000)]
  0x00007fb6301c8000 JavaThread "reactor-http-epoll-3" daemon [_thread_in_native, id=5419, stack(0x00007fb6a0022000,0x00007fb6a0123000)]
  0x00007fb63800a800 JavaThread "parallel-1" daemon [_thread_blocked, id=5421, stack(0x00007fb6201e4000,0x00007fb6202e5000)]
  0x00007fb62800f000 JavaThread "DiscoveryClient-CacheRefreshExecutor-0" daemon [_thread_blocked, id=5431, stack(0x00007fb6200e3000,0x00007fb6201e4000)]
  0x00007fb624019000 JavaThread "DiscoveryClient-HeartbeatExecutor-0" daemon [_thread_blocked, id=5432, stack(0x00007fb61bcff000,0x00007fb61be00000)]
  0x00007fb61c003800 JavaThread "AsyncResolver-bootstrap-executor-0" daemon [_thread_blocked, id=5725, stack(0x00007fb6202e5000,0x00007fb6203e6000)]
  0x00007fb6301a8800 JavaThread "reactor-http-epoll-4" daemon [_thread_in_native, id=6011, stack(0x00007fb69101b000,0x00007fb69111c000)]
  0x00007fb650002000 JavaThread "parallel-2" daemon [_thread_blocked, id=6018, stack(0x00007fb619afb000,0x00007fb619bfc000)]

Other Threads:
  0x00007fb6b8112800 VMThread "VM Thread" [stack: 0x00007fb6bc73f000,0x00007fb6bc83f000] [id=5356]
  0x00007fb6b81c4000 WatcherThread [stack: 0x00007fb6a0475000,0x00007fb6a0575000] [id=5369]
  0x00007fb6b8034000 GCTaskThread "GC Thread#0" [stack: 0x00007fb6be961000,0x00007fb6bea61000] [id=5351]
  0x00007fb684001000 GCTaskThread "GC Thread#1" [stack: 0x00007fb6a0227000,0x00007fb6a0327000] [id=5371]
  0x00007fb684002800 GCTaskThread "GC Thread#2" [stack: 0x00007fb6a0125000,0x00007fb6a0225000] [id=5372]
  0x00007fb68401d000 GCTaskThread "GC Thread#3" [stack: 0x00007fb69111e000,0x00007fb69121e000] [id=5375]
  0x00007fb6b8065000 ConcurrentGCThread "G1 Main Marker" [stack: 0x00007fb6bd891000,0x00007fb6bd991000] [id=5352]
  0x00007fb6b8067000 ConcurrentGCThread "G1 Conc#0" [stack: 0x00007fb6bd78f000,0x00007fb6bd88f000] [id=5353]
  0x00007fb6b80df800 ConcurrentGCThread "G1 Refine#0" [stack: 0x00007fb6bd289000,0x00007fb6bd389000] [id=5354]
  0x00007fb6b80e1000 ConcurrentGCThread "G1 Young RemSet Sampling" [stack: 0x00007fb6bd187000,0x00007fb6bd287000] [id=5355]

Threads with active compile tasks:

VM state:not at safepoint (normal execution)

VM Mutex/Monitor currently owned by a thread: None

Heap address: 0x0000000085000000, size: 1968 MB, Compressed Oops mode: 32-bit
Narrow klass base: 0x0000000800000000, Narrow klass shift: 3
Compressed class space size: 1073741824 Address: 0x0000000840000000

Heap:
 garbage-first heap   total 155648K, used 61666K [0x0000000085000000, 0x0000000100000000)
  region size 1024K, 33 young (33792K), 2 survivors (2048K)
 Metaspace       used 59684K, capacity 61719K, committed 61824K, reserved 1101824K
  class space    used 7804K, capacity 8616K, committed 8652K, reserved 1048576K
Heap Regions: E=young(eden), S=young(survivor), O=old, HS=humongous(starts), HC=humongous(continues), CS=collection set, F=free, A=archive, TAMS=top-at-mark-start (previous, next)
|   0|0x0000000085000000, 0x0000000085100000, 0x0000000085100000|100%| O|  |TAMS 0x0000000085100000, 0x0000000085000000| Untracked 
|   1|0x0000000085100000, 0x0000000085200000, 0x0000000085200000|100%| O|  |TAMS 0x0000000085200000, 0x0000000085100000| Untracked 
|   2|0x0000000085200000, 0x0000000085300000, 0x0000000085300000|100%| O|  |TAMS 0x0000000085300000, 0x0000000085200000| Untracked 
|   3|0x0000000085300000, 0x0000000085400000, 0x0000000085400000|100%| O|  |TAMS 0x0000000085400000, 0x0000000085300000| Untracked 
|   4|0x0000000085400000, 0x0000000085500000, 0x0000000085500000|100%| O|  |TAMS 0x0000000085500000, 0x0000000085400000| Untracked 
|   5|0x0000000085500000, 0x0000000085600000, 0x0000000085600000|100%| O|  |TAMS 0x0000000085600000, 0x0000000085500000| Untracked 
|   6|0x0000000085600000, 0x0000000085700000, 0x0000000085700000|100%| O|  |TAMS 0x0000000085700000, 0x0000000085600000| Untracked 
|   7|0x0000000085700000, 0x0000000085800000, 0x0000000085800000|100%| O|  |TAMS 0x0000000085800000, 0x0000000085700000| Untracked 
|   8|0x0000000085800000, 0x0000000085900000, 0x0000000085900000|100%| O|  |TAMS 0x0000000085900000, 0x0000000085800000| Untracked 
|   9|0x0000000085900000, 0x0000000085a00000, 0x0000000085a00000|100%| O|  |TAMS 0x0000000085a00000, 0x0000000085900000| Untracked 
|  10|0x0000000085a00000, 0x0000000085b00000, 0x0000000085b00000|100%| O|  |TAMS 0x0000000085b00000, 0x0000000085a00000| Untracked 
|  11|0x0000000085b00000, 0x0000000085c00000, 0x0000000085c00000|100%| O|  |TAMS 0x0000000085c00000, 0x0000000085b00000| Untracked 
|  12|0x0000000085c00000, 0x0000000085d00000, 0x0000000085d00000|100%| O|  |TAMS 0x0000000085d00000, 0x0000000085c00000| Untracked 
|  13|0x0000000085d00000, 0x0000000085e00000, 0x0000000085e00000|100%| O|  |TAMS 0x0000000085e00000, 0x0000000085d00000| Untracked 
|  14|0x0000000085e00000, 0x0000000085f00000, 0x0000000085f00000|100%| O|  |TAMS 0x0000000085f00000, 0x0000000085e00000| Untracked 
|  15|0x0000000085f00000, 0x0000000086000000, 0x0000000086000000|100%| O|  |TAMS 0x0000000086000000, 0x0000000085f00000| Untracked 
|  16|0x0000000086000000, 0x0000000086100000, 0x0000000086100000|100%| O|  |TAMS 0x0000000086100000, 0x0000000086000000| Untracked 
|  17|0x0000000086100000, 0x0000000086200000, 0x0000000086200000|100%| O|  |TAMS 0x0000000086200000, 0x0000000086100000| Untracked 
|  18|0x0000000086200000, 0x0000000086300000, 0x0000000086300000|100%| O|  |TAMS 0x0000000086300000, 0x0000000086200000| Untracked 
|  19|0x0000000086300000, 0x0000000086400000, 0x0000000086400000|100%| O|  |TAMS 0x0000000086400000, 0x0000000086300000| Untracked 
|  20|0x0000000086400000, 0x0000000086500000, 0x0000000086500000|100%| O|  |TAMS 0x0000000086500000, 0x0000000086400000| Untracked 
|  21|0x0000000086500000, 0x0000000086600000, 0x0000000086600000|100%| O|  |TAMS 0x0000000086600000, 0x0000000086500000| Untracked 
|  22|0x0000000086600000, 0x0000000086700000, 0x0000000086700000|100%| O|  |TAMS 0x0000000086700000, 0x0000000086600000| Untracked 
|  23|0x0000000086700000, 0x0000000086800000, 0x0000000086800000|100%| O|  |TAMS 0x0000000086800000, 0x0000000086700000| Untracked 
|  24|0x0000000086800000, 0x0000000086900000, 0x0000000086900000|100%| O|  |TAMS 0x0000000086900000, 0x0000000086800000| Untracked 
|  25|0x0000000086900000, 0x0000000086a00000, 0x0000000086a00000|100%| O|  |TAMS 0x0000000086a00000, 0x0000000086900000| Untracked 
|  26|0x0000000086a00000, 0x0000000086b00000, 0x0000000086b00000|100%| O|  |TAMS 0x0000000086b00000, 0x0000000086a00000| Untracked 
|  27|0x0000000086b00000, 0x0000000086bb6400, 0x0000000086c00000| 71%| O|  |TAMS 0x0000000086bb6400, 0x0000000086b00000| Untracked 
|  28|0x0000000086c00000, 0x0000000086c00000, 0x0000000086d00000|  0%| F|  |TAMS 0x0000000086c00000, 0x0000000086c00000| Untracked 
|  29|0x0000000086d00000, 0x0000000086d00000, 0x0000000086e00000|  0%| F|  |TAMS 0x0000000086d00000, 0x0000000086d00000| Untracked 
|  30|0x0000000086e00000, 0x0000000086e00000, 0x0000000086f00000|  0%| F|  |TAMS 0x0000000086e00000, 0x0000000086e00000| Untracked 
|  31|0x0000000086f00000, 0x0000000086f00000, 0x0000000087000000|  0%| F|  |TAMS 0x0000000086f00000, 0x0000000086f00000| Untracked 
|  32|0x0000000087000000, 0x0000000087000000, 0x0000000087100000|  0%| F|  |TAMS 0x0000000087000000, 0x0000000087000000| Untracked 
|  33|0x0000000087100000, 0x0000000087100000, 0x0000000087200000|  0%| F|  |TAMS 0x0000000087100000, 0x0000000087100000| Untracked 
|  34|0x0000000087200000, 0x0000000087200000, 0x0000000087300000|  0%| F|  |TAMS 0x0000000087200000, 0x0000000087200000| Untracked 
|  35|0x0000000087300000, 0x0000000087300000, 0x0000000087400000|  0%| F|  |TAMS 0x0000000087300000, 0x0000000087300000| Untracked 
|  36|0x0000000087400000, 0x0000000087400000, 0x0000000087500000|  0%| F|  |TAMS 0x0000000087400000, 0x0000000087400000| Untracked 
|  37|0x0000000087500000, 0x0000000087500000, 0x0000000087600000|  0%| F|  |TAMS 0x0000000087500000, 0x0000000087500000| Untracked 
|  38|0x0000000087600000, 0x0000000087600000, 0x0000000087700000|  0%| F|  |TAMS 0x0000000087600000, 0x0000000087600000| Untracked 
|  39|0x0000000087700000, 0x0000000087700000, 0x0000000087800000|  0%| F|  |TAMS 0x0000000087700000, 0x0000000087700000| Untracked 
|  40|0x0000000087800000, 0x0000000087800000, 0x0000000087900000|  0%| F|  |TAMS 0x0000000087800000, 0x0000000087800000| Untracked 
|  41|0x0000000087900000, 0x0000000087900000, 0x0000000087a00000|  0%| F|  |TAMS 0x0000000087900000, 0x0000000087900000| Untracked 
|  42|0x0000000087a00000, 0x0000000087a00000, 0x0000000087b00000|  0%| F|  |TAMS 0x0000000087a00000, 0x0000000087a00000| Untracked 
|  43|0x0000000087b00000, 0x0000000087b00000, 0x0000000087c00000|  0%| F|  |TAMS 0x0000000087b00000, 0x0000000087b00000| Untracked 
|  44|0x0000000087c00000, 0x0000000087c00000, 0x0000000087d00000|  0%| F|  |TAMS 0x0000000087c00000, 0x0000000087c00000| Untracked 
|  45|0x0000000087d00000, 0x0000000087d00000, 0x0000000087e00000|  0%| F|  |TAMS 0x0000000087d00000, 0x0000000087d00000| Untracked 
|  46|0x0000000087e00000, 0x0000000087e00000, 0x0000000087f00000|  0%| F|  |TAMS 0x0000000087e00000, 0x0000000087e00000| Untracked 
|  47|0x0000000087f00000, 0x0000000087f00000, 0x0000000088000000|  0%| F|  |TAMS 0x0000000087f00000, 0x0000000087f00000| Untracked 
|  48|0x0000000088000000, 0x0000000088000000, 0x0000000088100000|  0%| F|  |TAMS 0x0000000088000000, 0x0000000088000000| Untracked 
|  49|0x0000000088100000, 0x0000000088100000, 0x0000000088200000|  0%| F|  |TAMS 0x0000000088100000, 0x0000000088100000| Untracked 
|  50|0x0000000088200000, 0x0000000088200000, 0x0000000088300000|  0%| F|  |TAMS 0x0000000088200000, 0x0000000088200000| Untracked 
|  51|0x0000000088300000, 0x0000000088300000, 0x0000000088400000|  0%| F|  |TAMS 0x0000000088300000, 0x0000000088300000| Untracked 
|  52|0x0000000088400000, 0x0000000088400000, 0x0000000088500000|  0%| F|  |TAMS 0x0000000088400000, 0x0000000088400000| Untracked 
|  53|0x0000000088500000, 0x0000000088500000, 0x0000000088600000|  0%| F|  |TAMS 0x0000000088500000, 0x0000000088500000| Untracked 
|  54|0x0000000088600000, 0x0000000088600000, 0x0000000088700000|  0%| F|  |TAMS 0x0000000088600000, 0x0000000088600000| Untracked 
|  55|0x0000000088700000, 0x0000000088700000, 0x0000000088800000|  0%| F|  |TAMS 0x0000000088700000, 0x0000000088700000| Untracked 
|  56|0x0000000088800000, 0x0000000088800000, 0x0000000088900000|  0%| F|  |TAMS 0x0000000088800000, 0x0000000088800000| Untracked 
|  57|0x0000000088900000, 0x0000000088900000, 0x0000000088a00000|  0%| F|  |TAMS 0x0000000088900000, 0x0000000088900000| Untracked 
|  58|0x0000000088a00000, 0x0000000088a00000, 0x0000000088b00000|  0%| F|  |TAMS 0x0000000088a00000, 0x0000000088a00000| Untracked 
|  59|0x0000000088b00000, 0x0000000088b00000, 0x0000000088c00000|  0%| F|  |TAMS 0x0000000088b00000, 0x0000000088b00000| Untracked 
|  60|0x0000000088c00000, 0x0000000088c00000, 0x0000000088d00000|  0%| F|  |TAMS 0x0000000088c00000, 0x0000000088c00000| Untracked 
|  61|0x0000000088d00000, 0x0000000088d00000, 0x0000000088e00000|  0%| F|  |TAMS 0x0000000088d00000, 0x0000000088d00000| Untracked 
|  62|0x0000000088e00000, 0x0000000088e00000, 0x0000000088f00000|  0%| F|  |TAMS 0x0000000088e00000, 0x0000000088e00000| Untracked 
|  63|0x0000000088f00000, 0x0000000088f00000, 0x0000000089000000|  0%| F|  |TAMS 0x0000000088f00000, 0x0000000088f00000| Untracked 
|  64|0x0000000089000000, 0x0000000089000000, 0x0000000089100000|  0%| F|  |TAMS 0x0000000089000000, 0x0000000089000000| Untracked 
|  65|0x0000000089100000, 0x0000000089100000, 0x0000000089200000|  0%| F|  |TAMS 0x0000000089100000, 0x0000000089100000| Untracked 
|  66|0x0000000089200000, 0x0000000089200000, 0x0000000089300000|  0%| F|  |TAMS 0x0000000089200000, 0x0000000089200000| Untracked 
|  67|0x0000000089300000, 0x0000000089300000, 0x0000000089400000|  0%| F|  |TAMS 0x0000000089300000, 0x0000000089300000| Untracked 
|  68|0x0000000089400000, 0x0000000089400000, 0x0000000089500000|  0%| F|  |TAMS 0x0000000089400000, 0x0000000089400000| Untracked 
|  69|0x0000000089500000, 0x0000000089500000, 0x0000000089600000|  0%| F|  |TAMS 0x0000000089500000, 0x0000000089500000| Untracked 
|  70|0x0000000089600000, 0x0000000089600000, 0x0000000089700000|  0%| F|  |TAMS 0x0000000089600000, 0x0000000089600000| Untracked 
|  71|0x0000000089700000, 0x0000000089700000, 0x0000000089800000|  0%| F|  |TAMS 0x0000000089700000, 0x0000000089700000| Untracked 
|  72|0x0000000089800000, 0x0000000089800000, 0x0000000089900000|  0%| F|  |TAMS 0x0000000089800000, 0x0000000089800000| Untracked 
|  73|0x0000000089900000, 0x0000000089900000, 0x0000000089a00000|  0%| F|  |TAMS 0x0000000089900000, 0x0000000089900000| Untracked 
|  74|0x0000000089a00000, 0x0000000089a00000, 0x0000000089b00000|  0%| F|  |TAMS 0x0000000089a00000, 0x0000000089a00000| Untracked 
|  75|0x0000000089b00000, 0x0000000089b00000, 0x0000000089c00000|  0%| F|  |TAMS 0x0000000089b00000, 0x0000000089b00000| Untracked 
|  76|0x0000000089c00000, 0x0000000089c00000, 0x0000000089d00000|  0%| F|  |TAMS 0x0000000089c00000, 0x0000000089c00000| Untracked 
|  77|0x0000000089d00000, 0x0000000089d00000, 0x0000000089e00000|  0%| F|  |TAMS 0x0000000089d00000, 0x0000000089d00000| Untracked 
|  78|0x0000000089e00000, 0x0000000089e00000, 0x0000000089f00000|  0%| F|  |TAMS 0x0000000089e00000, 0x0000000089e00000| Untracked 
|  79|0x0000000089f00000, 0x0000000089fd0400, 0x000000008a000000| 81%| S|CS|TAMS 0x0000000089f00000, 0x0000000089f00000| Complete 
|  80|0x000000008a000000, 0x000000008a100000, 0x000000008a100000|100%| S|CS|TAMS 0x000000008a000000, 0x000000008a000000| Complete 
|  81|0x000000008a100000, 0x000000008a100000, 0x000000008a200000|  0%| F|  |TAMS 0x000000008a100000, 0x000000008a100000| Untracked 
|  82|0x000000008a200000, 0x000000008a200000, 0x000000008a300000|  0%| F|  |TAMS 0x000000008a200000, 0x000000008a200000| Untracked 
|  83|0x000000008a300000, 0x000000008a300000, 0x000000008a400000|  0%| F|  |TAMS 0x000000008a300000, 0x000000008a300000| Untracked 
|  84|0x000000008a400000, 0x000000008a400000, 0x000000008a500000|  0%| F|  |TAMS 0x000000008a400000, 0x000000008a400000| Untracked 
|  85|0x000000008a500000, 0x000000008a500000, 0x000000008a600000|  0%| F|  |TAMS 0x000000008a500000, 0x000000008a500000| Untracked 
|  86|0x000000008a600000, 0x000000008a600000, 0x000000008a700000|  0%| F|  |TAMS 0x000000008a600000, 0x000000008a600000| Untracked 
|  87|0x000000008a700000, 0x000000008a700000, 0x000000008a800000|  0%| F|  |TAMS 0x000000008a700000, 0x000000008a700000| Untracked 
|  88|0x000000008a800000, 0x000000008a800000, 0x000000008a900000|  0%| F|  |TAMS 0x000000008a800000, 0x000000008a800000| Untracked 
|  89|0x000000008a900000, 0x000000008a900000, 0x000000008aa00000|  0%| F|  |TAMS 0x000000008a900000, 0x000000008a900000| Untracked 
|  90|0x000000008aa00000, 0x000000008aa00000, 0x000000008ab00000|  0%| F|  |TAMS 0x000000008aa00000, 0x000000008aa00000| Untracked 
|  91|0x000000008ab00000, 0x000000008ab00000, 0x000000008ac00000|  0%| F|  |TAMS 0x000000008ab00000, 0x000000008ab00000| Untracked 
|  92|0x000000008ac00000, 0x000000008ac00000, 0x000000008ad00000|  0%| F|  |TAMS 0x000000008ac00000, 0x000000008ac00000| Untracked 
|  93|0x000000008ad00000, 0x000000008ad00000, 0x000000008ae00000|  0%| F|  |TAMS 0x000000008ad00000, 0x000000008ad00000| Untracked 
|  94|0x000000008ae00000, 0x000000008ae00000, 0x000000008af00000|  0%| F|  |TAMS 0x000000008ae00000, 0x000000008ae00000| Untracked 
|  95|0x000000008af00000, 0x000000008af00000, 0x000000008b000000|  0%| F|  |TAMS 0x000000008af00000, 0x000000008af00000| Untracked 
|  96|0x000000008b000000, 0x000000008b000000, 0x000000008b100000|  0%| F|  |TAMS 0x000000008b000000, 0x000000008b000000| Untracked 
|  97|0x000000008b100000, 0x000000008b100000, 0x000000008b200000|  0%| F|  |TAMS 0x000000008b100000, 0x000000008b100000| Untracked 
|  98|0x000000008b200000, 0x000000008b200000, 0x000000008b300000|  0%| F|  |TAMS 0x000000008b200000, 0x000000008b200000| Untracked 
|  99|0x000000008b300000, 0x000000008b300000, 0x000000008b400000|  0%| F|  |TAMS 0x000000008b300000, 0x000000008b300000| Untracked 
| 100|0x000000008b400000, 0x000000008b400000, 0x000000008b500000|  0%| F|  |TAMS 0x000000008b400000, 0x000000008b400000| Untracked 
| 101|0x000000008b500000, 0x000000008b500000, 0x000000008b600000|  0%| F|  |TAMS 0x000000008b500000, 0x000000008b500000| Untracked 
| 102|0x000000008b600000, 0x000000008b600000, 0x000000008b700000|  0%| F|  |TAMS 0x000000008b600000, 0x000000008b600000| Untracked 
| 103|0x000000008b700000, 0x000000008b700000, 0x000000008b800000|  0%| F|  |TAMS 0x000000008b700000, 0x000000008b700000| Untracked 
| 104|0x000000008b800000, 0x000000008b800000, 0x000000008b900000|  0%| F|  |TAMS 0x000000008b800000, 0x000000008b800000| Untracked 
| 105|0x000000008b900000, 0x000000008b900000, 0x000000008ba00000|  0%| F|  |TAMS 0x000000008b900000, 0x000000008b900000| Untracked 
| 106|0x000000008ba00000, 0x000000008ba00000, 0x000000008bb00000|  0%| F|  |TAMS 0x000000008ba00000, 0x000000008ba00000| Untracked 
| 107|0x000000008bb00000, 0x000000008bb00000, 0x000000008bc00000|  0%| F|  |TAMS 0x000000008bb00000, 0x000000008bb00000| Untracked 
| 108|0x000000008bc00000, 0x000000008bc00000, 0x000000008bd00000|  0%| F|  |TAMS 0x000000008bc00000, 0x000000008bc00000| Untracked 
| 109|0x000000008bd00000, 0x000000008bd00000, 0x000000008be00000|  0%| F|  |TAMS 0x000000008bd00000, 0x000000008bd00000| Untracked 
| 110|0x000000008be00000, 0x000000008be00000, 0x000000008bf00000|  0%| F|  |TAMS 0x000000008be00000, 0x000000008be00000| Untracked 
| 111|0x000000008bf00000, 0x000000008bf00000, 0x000000008c000000|  0%| F|  |TAMS 0x000000008bf00000, 0x000000008bf00000| Untracked 
| 112|0x000000008c000000, 0x000000008c000000, 0x000000008c100000|  0%| F|  |TAMS 0x000000008c000000, 0x000000008c000000| Untracked 
| 113|0x000000008c100000, 0x000000008c100000, 0x000000008c200000|  0%| F|  |TAMS 0x000000008c100000, 0x000000008c100000| Untracked 
| 114|0x000000008c200000, 0x000000008c200000, 0x000000008c300000|  0%| F|  |TAMS 0x000000008c200000, 0x000000008c200000| Untracked 
| 115|0x000000008c300000, 0x000000008c300000, 0x000000008c400000|  0%| F|  |TAMS 0x000000008c300000, 0x000000008c300000| Untracked 
| 116|0x000000008c400000, 0x000000008c400000, 0x000000008c500000|  0%| F|  |TAMS 0x000000008c400000, 0x000000008c400000| Untracked 
| 117|0x000000008c500000, 0x000000008c500000, 0x000000008c600000|  0%| F|  |TAMS 0x000000008c500000, 0x000000008c500000| Untracked 
| 118|0x000000008c600000, 0x000000008c600000, 0x000000008c700000|  0%| F|  |TAMS 0x000000008c600000, 0x000000008c600000| Untracked 
| 119|0x000000008c700000, 0x000000008c7ff410, 0x000000008c800000| 99%| E|  |TAMS 0x000000008c700000, 0x000000008c700000| Complete 
| 120|0x000000008c800000, 0x000000008c900000, 0x000000008c900000|100%| E|CS|TAMS 0x000000008c800000, 0x000000008c800000| Complete 
| 121|0x000000008c900000, 0x000000008ca00000, 0x000000008ca00000|100%| E|CS|TAMS 0x000000008c900000, 0x000000008c900000| Complete 
| 122|0x000000008ca00000, 0x000000008cb00000, 0x000000008cb00000|100%| E|CS|TAMS 0x000000008ca00000, 0x000000008ca00000| Complete 
| 123|0x000000008cb00000, 0x000000008cc00000, 0x000000008cc00000|100%| E|CS|TAMS 0x000000008cb00000, 0x000000008cb00000| Complete 
| 124|0x000000008cc00000, 0x000000008cd00000, 0x000000008cd00000|100%| E|CS|TAMS 0x000000008cc00000, 0x000000008cc00000| Complete 
| 125|0x000000008cd00000, 0x000000008ce00000, 0x000000008ce00000|100%| E|CS|TAMS 0x000000008cd00000, 0x000000008cd00000| Complete 
| 126|0x000000008ce00000, 0x000000008cf00000, 0x000000008cf00000|100%| E|CS|TAMS 0x000000008ce00000, 0x000000008ce00000| Complete 
| 127|0x000000008cf00000, 0x000000008d000000, 0x000000008d000000|100%| E|CS|TAMS 0x000000008cf00000, 0x000000008cf00000| Complete 
| 128|0x000000008d000000, 0x000000008d100000, 0x000000008d100000|100%| E|CS|TAMS 0x000000008d000000, 0x000000008d000000| Complete 
| 129|0x000000008d100000, 0x000000008d200000, 0x000000008d200000|100%| E|CS|TAMS 0x000000008d100000, 0x000000008d100000| Complete 
| 130|0x000000008d200000, 0x000000008d300000, 0x000000008d300000|100%| E|CS|TAMS 0x000000008d200000, 0x000000008d200000| Complete 
| 131|0x000000008d300000, 0x000000008d400000, 0x000000008d400000|100%| E|CS|TAMS 0x000000008d300000, 0x000000008d300000| Complete 
| 132|0x000000008d400000, 0x000000008d500000, 0x000000008d500000|100%| E|CS|TAMS 0x000000008d400000, 0x000000008d400000| Complete 
| 133|0x000000008d500000, 0x000000008d600000, 0x000000008d600000|100%| E|CS|TAMS 0x000000008d500000, 0x000000008d500000| Complete 
| 134|0x000000008d600000, 0x000000008d700000, 0x000000008d700000|100%| E|CS|TAMS 0x000000008d600000, 0x000000008d600000| Complete 
| 135|0x000000008d700000, 0x000000008d800000, 0x000000008d800000|100%| E|CS|TAMS 0x000000008d700000, 0x000000008d700000| Complete 
| 136|0x000000008d800000, 0x000000008d900000, 0x000000008d900000|100%| E|CS|TAMS 0x000000008d800000, 0x000000008d800000| Complete 
| 137|0x000000008d900000, 0x000000008da00000, 0x000000008da00000|100%| E|CS|TAMS 0x000000008d900000, 0x000000008d900000| Complete 
| 138|0x000000008da00000, 0x000000008db00000, 0x000000008db00000|100%| E|CS|TAMS 0x000000008da00000, 0x000000008da00000| Complete 
| 139|0x000000008db00000, 0x000000008dc00000, 0x000000008dc00000|100%| E|CS|TAMS 0x000000008db00000, 0x000000008db00000| Complete 
| 140|0x000000008dc00000, 0x000000008dd00000, 0x000000008dd00000|100%| E|CS|TAMS 0x000000008dc00000, 0x000000008dc00000| Complete 
| 141|0x000000008dd00000, 0x000000008de00000, 0x000000008de00000|100%| E|CS|TAMS 0x000000008dd00000, 0x000000008dd00000| Complete 
| 142|0x000000008de00000, 0x000000008df00000, 0x000000008df00000|100%| E|CS|TAMS 0x000000008de00000, 0x000000008de00000| Complete 
| 143|0x000000008df00000, 0x000000008e000000, 0x000000008e000000|100%| E|CS|TAMS 0x000000008df00000, 0x000000008df00000| Complete 
| 144|0x000000008e000000, 0x000000008e100000, 0x000000008e100000|100%| E|CS|TAMS 0x000000008e000000, 0x000000008e000000| Complete 
| 145|0x000000008e100000, 0x000000008e200000, 0x000000008e200000|100%| E|CS|TAMS 0x000000008e100000, 0x000000008e100000| Complete 
| 146|0x000000008e200000, 0x000000008e300000, 0x000000008e300000|100%| E|CS|TAMS 0x000000008e200000, 0x000000008e200000| Complete 
| 147|0x000000008e300000, 0x000000008e400000, 0x000000008e400000|100%| E|CS|TAMS 0x000000008e300000, 0x000000008e300000| Complete 
| 148|0x000000008e400000, 0x000000008e500000, 0x000000008e500000|100%| E|CS|TAMS 0x000000008e400000, 0x000000008e400000| Complete 
| 149|0x000000008e500000, 0x000000008e600000, 0x000000008e600000|100%| E|CS|TAMS 0x000000008e500000, 0x000000008e500000| Complete 
|1966|0x00000000ffe00000, 0x00000000ffe47000, 0x00000000fff00000| 27%|OA|  |TAMS 0x00000000ffe47000, 0x00000000ffe00000| Untracked 
|1967|0x00000000fff00000, 0x00000000fff6b000, 0x0000000100000000| 41%|CA|  |TAMS 0x00000000fff6b000, 0x00000000fff00000| Untracked 

