#
# A fatal error has been detected by the Java Runtime Environment:
#
#  SIGSEGV (0xb) at pc=0x00007f69800d331e, pid=23303, tid=23318
#
# JRE version: OpenJDK Runtime Environment (11.0.11+9) (build 11.0.11+9-Ubuntu-0ubuntu2)
# Java VM: OpenJDK 64-Bit Server VM (11.0.11+9-Ubuntu-0ubuntu2, mixed mode, sharing, tiered, compressed oops, g1 gc, linux-amd64)
# Problematic frame:
# C  [libjimage.so+0x331e]
#
# Core dump will be written. Default location: Core dumps may be processed with "/usr/share/apport/apport %p %s %c %d %P %E" (or dumping to /home/dev/Downloads/website/core.23303)
#
# If you would like to submit a bug report, please visit:
#   https://bugs.launchpad.net/ubuntu/+source/openjdk-lts
#

---------------  S U M M A R Y ------------

Command Line: -agentlib:jdwp=transport=dt_socket,server=n,suspend=y,address=127.0.0.1:45747 -Dfile.encoding=UTF-8 -Duser.country=IN -Duser.language=en -Duser.variant com.clinic.website.WebsiteApplication

Host: Intel(R) Core(TM) i3-2100 CPU @ 3.10GHz, 4 cores, 7G, Ubuntu 21.04
Time: Thu Sep  2 19:14:49 2021 IST elapsed time: 1052.338553 seconds (0d 0h 17m 32s)

---------------  T H R E A D  ---------------

Current thread (0x00007f697811c800):  JavaThread "Signal Dispatcher" daemon [_thread_in_vm, id=23318, stack(0x00007f6960676000,0x00007f6960777000)]

Stack: [0x00007f6960676000,0x00007f6960777000],  sp=0x00007f6960774170,  free space=1016k
Native frames: (J=compiled Java code, A=aot compiled Java code, j=interpreted, Vv=VM code, C=native code)
C  [libjimage.so+0x331e]
C  [libjimage.so+0x3fd2]
C  [libjimage.so+0x44d1]  JIMAGE_FindResource+0xf1
V  [libjvm.so+0x5af541]
V  [libjvm.so+0x5b1da1]
V  [libjvm.so+0xde49bd]
V  [libjvm.so+0xde34fa]
V  [libjvm.so+0xde5c2b]
V  [libjvm.so+0x662169]
V  [libjvm.so+0x84b176]
j  jdk.internal.misc.Signal.dispatch(I)V+25 java.base@11.0.11
v  ~StubRoutines::call_stub
V  [libjvm.so+0x854801]
V  [libjvm.so+0x853802]
V  [libjvm.so+0xbc5e0b]
V  [libjvm.so+0xe1b1e3]
V  [libjvm.so+0xe18370]
V  [libjvm.so+0xbd7c16]

Java frames: (J=compiled Java code, j=interpreted, Vv=VM code)
j  jdk.internal.misc.Signal.dispatch(I)V+25 java.base@11.0.11
v  ~StubRoutines::call_stub

siginfo: si_signo: 11 (SIGSEGV), si_code: 1 (SEGV_MAPERR), si_addr: 0x00007f696f87e8e0

Register to memory mapping:

RAX=0x00007f69800d7b30: <offset 0x0000000000007b30> in /usr/lib/jvm/java-11-openjdk-amd64/lib/libjimage.so at 0x00007f69800d0000
RBX=0x00007f6960774221 is pointing into the stack for thread: 0x00007f697811c800
RCX=0x00007f6960774243 is pointing into the stack for thread: 0x00007f697811c800
RDX=0x0000000000001a31 is an unknown value
RSP=0x00007f6960774170 is pointing into the stack for thread: 0x00007f697811c800
RBP=0x00007f6960774190 is pointing into the stack for thread: 0x00007f697811c800
RSI=0x00007f696f87801c is an unknown value
RDI=0x00007f69800d8030: <offset 0x0000000000008030> in /usr/lib/jvm/java-11-openjdk-amd64/lib/libjimage.so at 0x00007f69800d0000
R8 =0x000000000000f0c1 is an unknown value
R9 =0x00007f6960775030 is pointing into the stack for thread: 0x00007f697811c800
R10=0x00007f6980082040: <offset 0x00000000001a5040> in /lib/x86_64-linux-gnu/libc.so.6 at 0x00007f697fedd000
R11=0x00007f6980083770: <offset 0x00000000001a6770> in /lib/x86_64-linux-gnu/libc.so.6 at 0x00007f697fedd000
R12=0x000000000000843b is an unknown value
R13=0x00007f6960774220 is pointing into the stack for thread: 0x00007f697811c800
R14=0x0 is NULL
R15=0x00007f697811d420 points into unknown readable memory: 0x65746e692f6b646a | 6a 64 6b 2f 69 6e 74 65


Registers:
RAX=0x00007f69800d7b30, RBX=0x00007f6960774221, RCX=0x00007f6960774243, RDX=0x0000000000001a31
RSP=0x00007f6960774170, RBP=0x00007f6960774190, RSI=0x00007f696f87801c, RDI=0x00007f69800d8030
R8 =0x000000000000f0c1, R9 =0x00007f6960775030, R10=0x00007f6980082040, R11=0x00007f6980083770
R12=0x000000000000843b, R13=0x00007f6960774220, R14=0x0000000000000000, R15=0x00007f697811d420
RIP=0x00007f69800d331e, EFLAGS=0x0000000000010246, CSGSFS=0x002b000000000033, ERR=0x0000000000000004
  TRAPNO=0x000000000000000e

Top of Stack: (sp=0x00007f6960774170)
0x00007f6960774170:   0000000000000d68 00007f69607752b8
0x00007f6960774180:   00007f6978028750 00007f6960774220
0x00007f6960774190:   00007f6960774200 00007f69800d3fd2
0x00007f69607741a0:   00007f697fb7e7a8 0000000000000000 

Instructions: (pc=0x00007f69800d331e)
0x00007f69800d321e:   48 8d 50 1c 49 01 c5 48 89 53 50 44 89 e2 48 01
0x00007f69800d322e:   c2 4c 89 6b 58 48 89 53 60 43 8d 14 04 48 01 d0
0x00007f69800d323e:   48 89 43 68 e8 79 f0 ff ff 48 8b 53 10 48 85 c0
0x00007f69800d324e:   48 89 18 48 89 50 08 48 89 43 70 0f 95 c0 e9 a7
0x00007f69800d325e:   fe ff ff 90 66 66 2e 0f 1f 84 00 00 00 00 00 0f
0x00007f69800d326e:   1f 00 f3 0f 1e fa 0f b6 07 89 f2 48 8d 4f 01 84
0x00007f69800d327e:   c0 74 20 0f 1f 80 00 00 00 00 69 d2 93 01 00 01
0x00007f69800d328e:   0f b6 c0 48 83 c1 01 31 c2 0f b6 41 ff 84 c0 75
0x00007f69800d329e:   e9 89 d6 89 f0 25 ff ff ff 7f c3 90 66 0f 1f 44
0x00007f69800d32ae:   00 00 f3 0f 1e fa 48 85 d2 0f 84 da 00 00 00 55
0x00007f69800d32be:   48 89 e5 41 55 41 54 41 89 cc 53 48 83 ec 08 85
0x00007f69800d32ce:   c9 0f 84 ba 00 00 00 49 89 f5 48 89 d6 41 0f b6
0x00007f69800d32de:   55 00 49 8d 5d 01 84 d2 0f 84 9c 00 00 00 48 89
0x00007f69800d32ee:   d9 b8 93 01 00 01 0f 1f 40 00 69 c0 93 01 00 01
0x00007f69800d32fe:   0f b6 d2 48 83 c1 01 31 d0 0f b6 51 ff 84 d2 75
0x00007f69800d330e:   e9 25 ff ff ff 7f 31 d2 41 f7 f4 48 8b 07 89 d2
0x00007f69800d331e:   8b 34 96 ff 50 20 85 c0 7f 18 74 65 f7 d0 41 89
0x00007f69800d332e:   c0 48 83 c4 08 44 89 c0 5b 41 5c 41 5d 5d c3 0f
0x00007f69800d333e:   1f 00 41 0f b6 4d 00 89 c6 84 c9 74 1e 0f 1f 44
0x00007f69800d334e:   00 00 69 f6 93 01 00 01 0f b6 c9 48 83 c3 01 31
0x00007f69800d335e:   ce 0f b6 4b ff 84 c9 75 e9 89 f0 25 ff ff ff 7f
0x00007f69800d336e:   31 d2 48 83 c4 08 41 f7 f4 5b 41 5c 41 5d 5d 41
0x00007f69800d337e:   89 d0 44 89 c0 c3 0f 1f 40 00 b8 93 01 00 01 eb
0x00007f69800d338e:   85 41 b8 ff ff ff ff eb 98 41 83 c8 ff 44 89 c0
0x00007f69800d339e:   c3 90 f3 0f 1e fa eb 1d 66 2e 0f 1f 84 00 00 00
0x00007f69800d33ae:   00 00 0f b6 16 84 d2 74 13 38 c2 75 15 48 83 c7
0x00007f69800d33be:   01 48 83 c6 01 0f b6 07 84 c0 75 e6 48 89 f8 c3
0x00007f69800d33ce:   66 90 31 c0 c3 90 66 66 2e 0f 1f 84 00 00 00 00
0x00007f69800d33de:   00 90 f3 0f 1e fa 49 89 f9 49 89 f2 48 85 f6 74
0x00007f69800d33ee:   5c 41 0f b6 02 84 c0 74 54 66 0f 1f 84 00 00 00
0x00007f69800d33fe:   00 00 89 c2 89 c7 83 e0 07 c0 ea 03 49 8d 74 02
0x00007f69800d340e:   02 83 e7 07 31 c0 44 0f b6 c2 49 8d 52 01 0f 1f 


Stack slot to memory mapping:
stack at sp + 0 slots: 0x0000000000000d68 is an unknown value
stack at sp + 1 slots: 0x00007f69607752b8 is pointing into the stack for thread: 0x00007f697811c800
stack at sp + 2 slots: 0x00007f6978028750 points into unknown readable memory: 0x00007f6ed2962f58 | 58 2f 96 d2 6e 7f 00 00
stack at sp + 3 slots: 0x00007f6960774220 is pointing into the stack for thread: 0x00007f697811c800
stack at sp + 4 slots: 0x00007f6960774200 is pointing into the stack for thread: 0x00007f697811c800
stack at sp + 5 slots: 0x00007f69800d3fd2: <offset 0x0000000000003fd2> in /usr/lib/jvm/java-11-openjdk-amd64/lib/libjimage.so at 0x00007f69800d0000
stack at sp + 6 slots: 0x00007f697fb7e7a8: <offset 0x0000000000f8f7a8> in /usr/lib/jvm/java-11-openjdk-amd64/lib/server/libjvm.so at 0x00007f697ebef000
stack at sp + 7 slots: 0x0 is NULL


---------------  P R O C E S S  ---------------

Threads class SMR info:
_java_thread_list=0x00007f691c0734d0, length=37, elements={
0x00007f6978115000, 0x00007f6978117000, 0x00007f697811c800, 0x00007f697811e800,
0x00007f6978121000, 0x00007f6978123000, 0x00007f6978125000, 0x00007f6978186000,
0x00007f6978189800, 0x00007f6978191000, 0x00007f6930001000, 0x00007f68fc3fb800,
0x00007f68fcba6000, 0x00007f68e40e4000, 0x00007f68e8290800, 0x00007f68fcafe800,
0x00007f68fce57800, 0x00007f68fcf36800, 0x00007f68fd070800, 0x00007f68fcf07800,
0x00007f68fd0b7800, 0x00007f68fd0b9000, 0x00007f68fd0ca000, 0x00007f68fd245000,
0x00007f68fd268800, 0x00007f697801c000, 0x00007f6908002800, 0x00007f68f0021800,
0x00007f68f8008000, 0x00007f68f800b800, 0x00007f69140a3000, 0x00007f69141b2800,
0x00007f68f800d000, 0x00007f68f800f000, 0x00007f6914102800, 0x00007f68f8014000,
0x00007f68f4002800
}

Java Threads: ( => current thread )
  0x00007f6978115000 