#
# A fatal error has been detected by the Java Runtime Environment:
#
#  SIGSEGV (0xb) at pc=0x00007f844819031e, pid=24148, tid=24163
#
# JRE version: OpenJDK Runtime Environment (11.0.11+9) (build 11.0.11+9-Ubuntu-0ubuntu2)
# Java VM: OpenJDK 64-Bit Server VM (11.0.11+9-Ubuntu-0ubuntu2, mixed mode, sharing, tiered, compressed oops, g1 gc, linux-amd64)
# Problematic frame:
# C  [libjimage.so+0x331e]
#
# Core dump will be written. Default location: Core dumps may be processed with "/usr/share/apport/apport %p %s %c %d %P %E" (or dumping to /home/dev/Downloads/website/core.24148)
#
# If you would like to submit a bug report, please visit:
#   https://bugs.launchpad.net/ubuntu/+source/openjdk-lts
#

---------------  S U M M A R Y ------------

Command Line: -agentlib:jdwp=transport=dt_socket,server=n,suspend=y,address=127.0.0.1:46835 -Dfile.encoding=UTF-8 -Duser.country=IN -Duser.language=en -Duser.variant com.clinic.website.WebsiteApplication

Host: Intel(R) Core(TM) i3-2100 CPU @ 3.10GHz, 4 cores, 7G, Ubuntu 21.04
Time: Thu Sep  2 19:26:48 2021 IST elapsed time: 672.414018 seconds (0d 0h 11m 12s)

---------------  T H R E A D  ---------------

Current thread (0x00007f844011c800):  JavaThread "Signal Dispatcher" daemon [_thread_in_vm, id=24163, stack(0x00007f8428777000,0x00007f8428878000)]

Stack: [0x00007f8428777000,0x00007f8428878000],  sp=0x00007f8428875170,  free space=1016k
Native frames: (J=compiled Java code, A=aot compiled Java code, j=interpreted, Vv=VM code, C=native code)
C  [libjimage.so+0x331e]
C  [libjimage.so+0x3fd2]
C  [libjimage.so+0x44d1]  JIMAGE_FindResource+0xf1
V  [libjvm.so+0x5af541]
V  [libjvm.so+0x5b1da1]
V  [libjvm.so+0xde49bd]
V  [libjvm.so+0xde34fa]
V  [libjvm.so+0xde5c2b]
V  [libjvm.so+0x662169]
V  [libjvm.so+0x84b176]
j  jdk.internal.misc.Signal.dispatch(I)V+25 java.base@11.0.11
v  ~StubRoutines::call_stub
V  [libjvm.so+0x854801]
V  [libjvm.so+0x853802]
V  [libjvm.so+0xbc5e0b]
V  [libjvm.so+0xe1b1e3]
V  [libjvm.so+0xe18370]
V  [libjvm.so+0xbd7c16]

Java frames: (J=compiled Java code, j=interpreted, Vv=VM code)
j  jdk.internal.misc.Signal.dispatch(I)V+25 java.base@11.0.11
v  ~StubRoutines::call_stub

siginfo: si_signo: 11 (SIGSEGV), si_code: 1 (SEGV_MAPERR), si_addr: 0x00007f843787e8e0

Register to memory mapping:

RAX=0x00007f8448194b30: <offset 0x0000000000007b30> in /usr/lib/jvm/java-11-openjdk-amd64/lib/libjimage.so at 0x00007f844818d000
RBX=0x00007f8428875221 is pointing into the stack for thread: 0x00007f844011c800
RCX=0x00007f8428875243 is pointing into the stack for thread: 0x00007f844011c800
RDX=0x0000000000001a31 is an unknown value
RSP=0x00007f8428875170 is pointing into the stack for thread: 0x00007f844011c800
RBP=0x00007f8428875190 is pointing into the stack for thread: 0x00007f844011c800
RSI=0x00007f843787801c is an unknown value
RDI=0x00007f8448195030: <offset 0x0000000000008030> in /usr/lib/jvm/java-11-openjdk-amd64/lib/libjimage.so at 0x00007f844818d000
R8 =0x000000000000f0c1 is an unknown value
R9 =0x00007f8428876030 is pointing into the stack for thread: 0x00007f844011c800
R10=0x00007f844813f040: <offset 0x00000000001a5040> in /lib/x86_64-linux-gnu/libc.so.6 at 0x00007f8447f9a000
R11=0x00007f8448140770: <offset 0x00000000001a6770> in /lib/x86_64-linux-gnu/libc.so.6 at 0x00007f8447f9a000
R12=0x000000000000843b is an unknown value
R13=0x00007f8428875220 is pointing into the stack for thread: 0x00007f844011c800
R14=0x0 is NULL
R15=0x00007f844011d420 points into unknown readable memory: 0x65746e692f6b646a | 6a 64 6b 2f 69 6e 74 65


Registers:
RAX=0x00007f8448194b30, RBX=0x00007f8428875221, RCX=0x00007f8428875243, RDX=0x0000000000001a31
RSP=0x00007f8428875170, RBP=0x00007f8428875190, RSI=0x00007f843787801c, RDI=0x00007f8448195030
R8 =0x000000000000f0c1, R9 =0x00007f8428876030, R10=0x00007f844813f040, R11=0x00007f8448140770
R12=0x000000000000843b, R13=0x00007f8428875220, R14=0x0000000000000000, R15=0x00007f844011d420
RIP=0x00007f844819031e, EFLAGS=0x0000000000010246, CSGSFS=0x002b000000000033, ERR=0x0000000000000004
  TRAPNO=0x000000000000000e

Top of Stack: (sp=0x00007f8428875170)
0x00007f8428875170:   0000000000000d68 00007f84288762b8
0x00007f8428875180:   00007f8440028750 00007f8428875220
0x00007f8428875190:   00007f8428875200 00007f8448190fd2
0x00007f84288751a0:   00007f8447c3b7a8 0000000000000000 

Instructions: (pc=0x00007f844819031e)
0x00007f844819021e:   48 8d 50 1c 49 01 c5 48 89 53 50 44 89 e2 48 01
0x00007f844819022e:   c2 4c 89 6b 58 48 89 53 60 43 8d 14 04 48 01 d0
0x00007f844819023e:   48 89 43 68 e8 79 f0 ff ff 48 8b 53 10 48 85 c0
0x00007f844819024e:   48 89 18 48 89 50 08 48 89 43 70 0f 95 c0 e9 a7
0x00007f844819025e:   fe ff ff 90 66 66 2e 0f 1f 84 00 00 00 00 00 0f
0x00007f844819026e:   1f 00 f3 0f 1e fa 0f b6 07 89 f2 48 8d 4f 01 84
0x00007f844819027e:   c0 74 20 0f 1f 80 00 00 00 00 69 d2 93 01 00 01
0x00007f844819028e:   0f b6 c0 48 83 c1 01 31 c2 0f b6 41 ff 84 c0 75
0x00007f844819029e:   e9 89 d6 89 f0 25 ff ff ff 7f c3 90 66 0f 1f 44
0x00007f84481902ae:   00 00 f3 0f 1e fa 48 85 d2 0f 84 da 00 00 00 55
0x00007f84481902be:   48 89 e5 41 55 41 54 41 89 cc 53 48 83 ec 08 85
0x00007f84481902ce:   c9 0f 84 ba 00 00 00 49 89 f5 48 89 d6 41 0f b6
0x00007f84481902de:   55 00 49 8d 5d 01 84 d2 0f 84 9c 00 00 00 48 89
0x00007f84481902ee:   d9 b8 93 01 00 01 0f 1f 40 00 69 c0 93 01 00 01
0x00007f84481902fe:   0f b6 d2 48 83 c1 01 31 d0 0f b6 51 ff 84 d2 75
0x00007f844819030e:   e9 25 ff ff ff 7f 31 d2 41 f7 f4 48 8b 07 89 d2
0x00007f844819031e:   8b 34 96 ff 50 20 85 c0 7f 18 74 65 f7 d0 41 89
0x00007f844819032e:   c0 48 83 c4 08 44 89 c0 5b 41 5c 41 5d 5d c3 0f
0x00007f844819033e:   1f 00 41 0f b6 4d 00 89 c6 84 c9 74 1e 0f 1f 44
0x00007f844819034e:   00 00 69 f6 93 01 00 01 0f b6 c9 48 83 c3 01 31
0x00007f844819035e:   ce 0f b6 4b ff 84 c9 75 e9 89 f0 25 ff ff ff 7f
0x00007f844819036e:   31 d2 48 83 c4 08 41 f7 f4 5b 41 5c 41 5d 5d 41
0x00007f844819037e:   89 d0 44 89 c0 c3 0f 1f 40 00 b8 93 01 00 01 eb
0x00007f844819038e:   85 41 b8 ff ff ff ff eb 98 41 83 c8 ff 44 89 c0
0x00007f844819039e:   c3 90 f3 0f 1e fa eb 1d 66 2e 0f 1f 84 00 00 00
0x00007f84481903ae:   00 00 0f b6 16 84 d2 74 13 38 c2 75 15 48 83 c7
0x00007f84481903be:   01 48 83 c6 01 0f b6 07 84 c0 75 e6 48 89 f8 c3
0x00007f84481903ce:   66 90 31 c0 c3 90 66 66 2e 0f 1f 84 00 00 00 00
0x00007f84481903de:   00 90 f3 0f 1e fa 49 89 f9 49 89 f2 48 85 f6 74
0x00007f84481903ee:   5c 41 0f b6 02 84 c0 74 54 66 0f 1f 84 00 00 00
0x00007f84481903fe:   00 00 89 c2 89 c7 83 e0 07 c0 ea 03 49 8d 74 02
0x00007f844819040e:   02 83 e7 07 31 c0 44 0f b6 c2 49 8d 52 01 0f 1f 


Stack slot to memory mapping:
stack at sp + 0 slots: 0x0000000000000d68 is an unknown value
stack at sp + 1 slots: 0x00007f84288762b8 is pointing into the stack for thread: 0x00007f844011c800
stack at sp + 2 slots: 0x00007f8440028750 points into unknown readable memory: 0x00007f841445ac18 | 18 ac 45 14 84 7f 00 00
stack at sp + 3 slots: 0x00007f8428875220 is pointing into the stack for thread: 0x00007f844011c800
stack at sp + 4 slots: 0x00007f8428875200 is pointing into the stack for thread: 0x00007f844011c800
stack at sp + 5 slots: 0x00007f8448190fd2: <offset 0x0000000000003fd2> in /usr/lib/jvm/java-11-openjdk-amd64/lib/libjimage.so at 0x00007f844818d000
stack at sp + 6 slots: 0x00007f8447c3b7a8: <offset 0x0000000000f8f7a8> in /usr/lib/jvm/java-11-openjdk-amd64/lib/server/libjvm.so at 0x00007f8446cac000
stack at sp + 7 slots: 0x0 is NULL


---------------  P R O C E S S  ---------------

Threads class SMR info:
_java_thread_list=0x00007f83e4001ee0, length=33, elements={
0x00007f8440115000, 0x00007f8440117000, 0x00007f844011c800, 0x00007f844011e800,
0x00007f8440121000, 0x00007f8440123000, 0x00007f8440125000, 0x00007f8440185800,
0x00007f8440189800, 0x00007f8440191000, 0x00007f83f8001000, 0x00007f83c4fab800,
0x00007f83c4fac800, 0x00007f83b00fe000, 0x00007f83ac0db800, 0x00007f83c5123800,
0x00007f83c52c4800, 0x00007f83c44ca000, 0x00007f83c5433000, 0x00007f83c54f9000,
0x00007f83c55e7000, 0x00007f83c55e8800, 0x00007f83c55ee800, 0x00007f83c5660000,
0x00007f83c5676000, 0x00007f844001c000, 0x00007f83b8009800, 0x00007f83c5608800,
0x00007f83cc014800, 0x00007f83cc016000, 0x00007f83d80a0000, 0x00007f83d8197000,
0x00007f83bc002800
}

Java Threads: ( => current thread )
  0x00007f8440115000 JavaThread "Reference Handler" daemon [_thread_blocked, id=24161, stack(0x00007f844416a000,0x00007f844426b000)]
  0x00007f8440117000 JavaThread "Finalizer" daemon [_thread_blocked, id=24162, stack(0x00007f8444069000,0x00007f844416a000)]
=>0x00007f844011c800 JavaThread "Signal Dispatcher" daemon [_thread_in_vm, id=24163, stack(0x00007f8428777000,0x00007f8428878000)]
  0x00007f844011e800 JavaThread "Service Thread" daemon [_thread_blocked, id=24164, stack(0x00007f8428676000,0x00007f8428777000)]
  0x00007f8440121000 JavaThread "C2 CompilerThread0" daemon [_thread_blocked, id=24165, stack(0x00007f8428575000,0x00007f8428676000)]
  0x00007f8440123000 JavaThread "C1 CompilerThread0" daemon [_thread_blocked, id=24166, stack(0x00007f8428474000,0x00007f8428575000)]
  0x00007f8440125000 JavaThread "Sweeper thread" daemon [_thread_blocked, id=24167, stack(0x00007f8428373000,0x00007f8428474000)]
  0x00007f8440185800 JavaThread "JDWP Transport Listener: dt_socket" daemon [_thread_in_native, id=24168, stack(0x00007f8428272000,0x00007f8428373000)]
  0x00007f8440189800 JavaThread "JDWP Event Helper Thread" daemon [_thread_blocked, id=24171, stack(0x00007f8428171000,0x00007f8428272000)]
  0x00007f8440191000 JavaThread "Common-Cleaner" daemon [_thread_blocked, id=24174, stack(0x00007f842007d000,0x00007f842017e000)]
  0x00007f83f8001000 JavaThread "Attach Listener" daemon [_thread_blocked, id=24193, stack(0x00007f841911d000,0x00007f841921e000)]
  0x00007f83c4fab800 JavaThread "cluster-ClusterId{value='6130d59198643752d6f0ce6d', description='null'}-localhost:27017" daemon [_thread_blocked, id=24208, stack(0x00007f84184de000,0x00007f84185df000)]
  0x00007f83c4fac800 JavaThread "cluster-rtt-ClusterId{value='6130d59198643752d6f0ce6d', description='null'}-localhost:27017" daemon [_thread_blocked, id=24209, stack(0x00007f8418a13000,0x00007f8418b14000)]
  0x00007f83b00fe000 JavaThread "nioEventLoopGroup-3-1" [_thread_in_native, id=24210, stack(0x00007f83b6aff000,0x00007f83b6c00000)]
  0x00007f83ac0db800 JavaThread "nioEventLoopGroup-3-2" [_thread_in_native, id=24211, stack(0x00007f83b69fe000,0x00007f83b6aff000)]
  0x00007f83c5123800 JavaThread "Live Reload Server" daemon [_thread_in_native, id=24215, stack(0x00007f83b46fb000,0x00007f83b47fc000)]
  0x00007f83c52c4800 JavaThread "boundedElastic-evictor-1" daemon [_thread_blocked, id=24216, stack(0x00007f83b43fa000,0x00007f83b44fb000)]
  0x00007f83c44ca000 JavaThread "spring.cloud.inetutils" daemon [_thread_blocked, id=24217, stack(0x00007f83b40f9000,0x00007f83b41fa000)]
  0x00007f83c5433000 JavaThread "File Watcher" daemon [_thread_blocked, id=24218, stack(0x00007f83a1cfd000,0x00007f83a1dfe000)]
  0x00007f83c54f9000 JavaThread "AsyncResolver-bootstrap-0" daemon [_thread_blocked, id=24219, stack(0x00007f83a19fc000,0x00007f83a1afd000)]
  0x00007f83c55e7000 JavaThread "DiscoveryClient-0" daemon [_thread_blocked, id=24223, stack(0x00007f83a16fb000,0x00007f83a17fc000)]
  0x00007f83c55e8800 JavaThread "DiscoveryClient-1" daemon [_thread_blocked, id=24224, stack(0x00007f83a15fa000,0x00007f83a16fb000)]
  0x00007f83c55ee800 JavaThread "DiscoveryClient-InstanceInfoReplicator-0" daemon [_thread_blocked, id=24225, stack(0x00007f83a14f9000,0x00007f83a15fa000)]
  0x00007f83c5660000 JavaThread "reactor-http-epoll-1" daemon [_thread_in_native, id=24226, stack(0x00007f83a0fe7000,0x00007f83a10e8000)]
  0x00007f83c5676000 JavaThread "server" [_thread_blocked, id=24227, stack(0x00007f83a0ee6000,0x00007f83a0fe7000)]
  0x00007f844001c000 JavaThread "DestroyJavaVM" [_thread_blocked, id=24149, stack(0x00007f8446829000,0x00007f844692a000)]
  0x00007f83b8009800 JavaThread "DiscoveryClient-CacheRefreshExecutor-0" daemon [_thread_blocked, id=24250, stack(0x00007f8418e18000,0x00007f8418f19000)]
  0x00007f83c5608800 JavaThread "DiscoveryClient-HeartbeatExecutor-0" daemon [_thread_blocked, id=24251, stack(0x00007f8418d17000,0x00007f8418e18000)]
  0x00007f83cc014800 JavaThread "reactor-http-epoll-2" daemon [_thread_in_native, id=24352, stack(0x00007f8418c16000,0x00007f8418d17000)]
  0x00007f83cc016000 JavaThread "reactor-http-epoll-3" daemon [_thread_in_native, id=24353, stack(0x00007f83a0de5000,0x00007f83a0ee6000)]
  0x00007f83d80a0000 JavaThread "parallel-1" daemon [_thread_blocked, id=24354, stack(0x00007f839eae2000,0x00007f839ebe3000)]
  0x00007f83d8197000 JavaThread "nioEventLoopGroup-3-3" [_thread_in_native, id=24359, stack(0x00007f839e7e1000,0x00007f839e8e2000)]
  0x00007f83bc002800 JavaThread "AsyncResolver-bootstrap-executor-0" daemon [_thread_blocked, id=24370, stack(0x00007f839d6df000,0x00007f839d7e0000)]

Other Threads:
  0x00007f8440112800 VMThread "VM Thread" [stack: 0x00007f844426d000,0x00007f844436d000] [id=24160]
  0x00007f844018c000 WatcherThread [stack: 0x00007f8420180000,0x00007f8420280000] [id=24173]
  0x00007f8440034000 GCTaskThread "GC Thread#0" [stack: 0x00007f844648f000,0x00007f844658f000] [id=24155]
  0x00007f840c001000 GCTaskThread "GC Thread#1" [stack: 0x00007f841901d000,0x00007f841911d000] [id=24194]
  0x00007f840c002800 GCTaskThread "GC Thread#2" [stack: 0x00007f8418f1b000,0x00007f841901b000] [id=24195]
  0x00007f840c005800 GCTaskThread "GC Thread#3" [stack: 0x00007f8418b16000,0x00007f8418c16000] [id=24199]
  0x00007f8440065000 ConcurrentGCThread "G1 Main Marker" [stack: 0x00007f84453bf000,0x00007f84454bf000] [id=24156]
  0x00007f8440067000 ConcurrentGCThread "G1 Conc#0" [stack: 0x00007f84452bd000,0x00007f84453bd000] [id=24157]
  0x00007f84400df000 ConcurrentGCThread "G1 Refine#0" [stack: 0x00007f8444db7000,0x00007f8444eb7000] [id=24158]
  0x00007f84400e1000 ConcurrentGCThread "G1 Young RemSet Sampling" [stack: 0x00007f8444cb5000,0x00007f8444db5000] [id=24159]

Threads with active compile tasks:

VM state:not at safepoint (normal execution)

VM Mutex/Monitor currently owned by a thread: None

Heap address: 0x0000000085000000, size: 1968 MB, Compressed Oops mode: 32-bit
Narrow klass base: 0x0000000800000000, Narrow klass shift: 3
Compressed class space size: 1073741824 Address: 0x0000000840000000

Heap:
 garbage-first heap   total 155648K, used 76686K [0x0000000085000000, 0x0000000100000000)
  region size 1024K, 55 young (56320K), 8 survivors (8192K)
 Metaspace       used 61424K, capacity 63825K, committed 63952K, reserved 1103872K
  class space    used 8151K, capacity 9099K, committed 9168K, reserved 1048576K
Heap Regions: E=young(eden), S=young(survivor), O=old, HS=humongous(starts), HC=humongous(continues), CS=collection set, F=free, A=archive, TAMS=top-at-mark-start (previous, next)
|   0|0x0000000085000000, 0x0000000085100000, 0x0000000085100000|100%| O|  |TAMS 0x0000000085100000, 0x0000000085000000| Untracked 
|   1|0x0000000085100000, 0x0000000085200000, 0x0000000085200000|100%| O|  |TAMS 0x0000000085200000, 0x0000000085100000| Untracked 
|   2|0x0000000085200000, 0x0000000085300000, 0x0000000085300000|100%| O|  |TAMS 0x0000000085300000, 0x0000000085200000| Untracked 
|   3|0x0000000085300000, 0x0000000085400000, 0x0000000085400000|100%| O|  |TAMS 0x0000000085400000, 0x0000000085300000| Untracked 
|   4|0x0000000085400000, 0x0000000085500000, 0x0000000085500000|100%| O|  |TAMS 0x0000000085500000, 0x0000000085400000| Untracked 
|   5|0x0000000085500000, 0x0000000085600000, 0x0000000085600000|100%| O|  |TAMS 0x0000000085600000, 0x0000000085500000| Untracked 
|   6|0x0000000085600000, 0x0000000085700000, 0x0000000085700000|100%| O|  |TAMS 0x0000000085700000, 0x0000000085600000| Untracked 
|   7|0x0000000085700000, 0x0000000085800000, 0x0000000085800000|100%| O|  |TAMS 0x0000000085800000, 0x0000000085700000| Untracked 
|   8|0x0000000085800000, 0x0000000085900000, 0x0000000085900000|100%| O|  |TAMS 0x0000000085900000, 0x0000000085800000| Untracked 
|   9|0x0000000085900000, 0x0000000085a00000, 0x0000000085a00000|100%| O|  |TAMS 0x0000000085a00000, 0x0000000085900000| Untracked 
|  10|0x0000000085a00000, 0x0000000085b00000, 0x0000000085b00000|100%| O|  |TAMS 0x0000000085b00000, 0x0000000085a00000| Untracked 
|  11|0x0000000085b00000, 0x0000000085c00000, 0x0000000085c00000|100%| O|  |TAMS 0x0000000085c00000, 0x0000000085b00000| Untracked 
|  12|0x0000000085c00000, 0x0000000085d00000, 0x0000000085d00000|100%| O|  |TAMS 0x0000000085d00000, 0x0000000085c00000| Untracked 
|  13|0x0000000085d00000, 0x0000000085e00000, 0x0000000085e00000|100%| O|  |TAMS 0x0000000085e00000, 0x0000000085d00000| Untracked 
|  14|0x0000000085e00000, 0x0000000085f00000, 0x0000000085f00000|100%| O|  |TAMS 0x0000000085f00000, 0x0000000085e00000| Untracked 
|  15|0x0000000085f00000, 0x0000000086000000, 0x0000000086000000|100%| O|  |TAMS 0x0000000086000000, 0x0000000085f00000| Untracked 
|  16|0x0000000086000000, 0x0000000086100000, 0x0000000086100000|100%| O|  |TAMS 0x0000000086100000, 0x0000000086000000| Untracked 
|  17|0x0000000086100000, 0x0000000086200000, 0x0000000086200000|100%| O|  |TAMS 0x0000000086200000, 0x0000000086100000| Untracked 
|  18|0x0000000086200000, 0x0000000086300000, 0x0000000086300000|100%| O|  |TAMS 0x0000000086300000, 0x0000000086200000| Untracked 
|  19|0x0000000086300000, 0x0000000086400000, 0x0000000086400000|100%| O|  |TAMS 0x0000000086400000, 0x0000000086300000| Untracked 
|  20|0x0000000086400000, 0x0000000086500000, 0x0000000086500000|100%| O|  |TAMS 0x0000000086500000, 0x0000000086400000| Untracked 
|  21|0x0000000086500000, 0x00000000865cac00, 0x0000000086600000| 79%| O|  |TAMS 0x00000000865cac00, 0x0000000086500000| Untracked 
|  22|0x0000000086600000, 0x0000000086600000, 0x0000000086700000|  0%| F|  |TAMS 0x0000000086600000, 0x0000000086600000| Untracked 
|  23|0x0000000086700000, 0x0000000086700000, 0x0000000086800000|  0%| F|  |TAMS 0x0000000086700000, 0x0000000086700000| Untracked 
|  24|0x0000000086800000, 0x0000000086800000, 0x0000000086900000|  0%| F|  |TAMS 0x0000000086800000, 0x0000000086800000| Untracked 
|  25|0x0000000086900000, 0x0000000086900000, 0x0000000086a00000|  0%| F|  |TAMS 0x0000000086900000, 0x0000000086900000| Untracked 
|  26|0x0000000086a00000, 0x0000000086a00000, 0x0000000086b00000|  0%| F|  |TAMS 0x0000000086a00000, 0x0000000086a00000| Untracked 
|  27|0x0000000086b00000, 0x0000000086b00000, 0x0000000086c00000|  0%| F|  |TAMS 0x0000000086b00000, 0x0000000086b00000| Untracked 
|  28|0x0000000086c00000, 0x0000000086c00000, 0x0000000086d00000|  0%| F|  |TAMS 0x0000000086c00000, 0x0000000086c00000| Untracked 
|  29|0x0000000086d00000, 0x0000000086d00000, 0x0000000086e00000|  0%| F|  |TAMS 0x0000000086d00000, 0x0000000086d00000| Untracked 
|  30|0x0000000086e00000, 0x0000000086e00000, 0x0000000086f00000|  0%| F|  |TAMS 0x0000000086e00000, 0x0000000086e00000| Untracked 
|  31|0x0000000086f00000, 0x0000000086f00000, 0x0000000087000000|  0%| F|  |TAMS 0x0000000086f00000, 0x0000000086f00000| Untracked 
|  32|0x0000000087000000, 0x0000000087000000, 0x0000000087100000|  0%| F|  |TAMS 0x0000000087000000, 0x0000000087000000| Untracked 
|  33|0x0000000087100000, 0x0000000087100000, 0x0000000087200000|  0%| F|  |TAMS 0x0000000087100000, 0x0000000087100000| Untracked 
|  34|0x0000000087200000, 0x0000000087200000, 0x0000000087300000|  0%| F|  |TAMS 0x0000000087200000, 0x0000000087200000| Untracked 
|  35|0x0000000087300000, 0x0000000087300000, 0x0000000087400000|  0%| F|  |TAMS 0x0000000087300000, 0x0000000087300000| Untracked 
|  36|0x0000000087400000, 0x0000000087400000, 0x0000000087500000|  0%| F|  |TAMS 0x0000000087400000, 0x0000000087400000| Untracked 
|  37|0x0000000087500000, 0x0000000087500000, 0x0000000087600000|  0%| F|  |TAMS 0x0000000087500000, 0x0000000087500000| Untracked 
|  38|0x0000000087600000, 0x0000000087600000, 0x0000000087700000|  0%| F|  |TAMS 0x0000000087600000, 0x0000000087600000| Untracked 
|  39|0x0000000087700000, 0x0000000087700000, 0x0000000087800000|  0%| F|  |TAMS 0x0000000087700000, 0x0000000087700000| Untracked 
|  40|0x0000000087800000, 0x0000000087800000, 0x0000000087900000|  0%| F|  |TAMS 0x0000000087800000, 0x0000000087800000| Untracked 
|  41|0x0000000087900000, 0x0000000087900000, 0x0000000087a00000|  0%| F|  |TAMS 0x0000000087900000, 0x0000000087900000| Untracked 
|  42|0x0000000087a00000, 0x0000000087a00000, 0x0000000087b00000|  0%| F|  |TAMS 0x0000000087a00000, 0x0000000087a00000| Untracked 
|  43|0x0000000087b00000, 0x0000000087b00000, 0x0000000087c00000|  0%| F|  |TAMS 0x0000000087b00000, 0x0000000087b00000| Untracked 
|  44|0x0000000087c00000, 0x0000000087c00000, 0x0000000087d00000|  0%| F|  |TAMS 0x0000000087c00000, 0x0000000087c00000| Untracked 
|  45|0x0000000087d00000, 0x0000000087d00000, 0x0000000087e00000|  0%| F|  |TAMS 0x0000000087d00000, 0x0000000087d00000| Untracked 
|  46|0x0000000087e00000, 0x0000000087e00000, 0x0000000087f00000|  0%| F|  |TAMS 0x0000000087e00000, 0x0000000087e00000| Untracked 
|  47|0x0000000087f00000, 0x0000000087f00000, 0x0000000088000000|  0%| F|  |TAMS 0x0000000087f00000, 0x0000000087f00000| Untracked 
|  48|0x0000000088000000, 0x0000000088000000, 0x0000000088100000|  0%| F|  |TAMS 0x0000000088000000, 0x0000000088000000| Untracked 
|  49|0x0000000088100000, 0x0000000088100000, 0x0000000088200000|  0%| F|  |TAMS 0x0000000088100000, 0x0000000088100000| Untracked 
|  50|0x0000000088200000, 0x0000000088200000, 0x0000000088300000|  0%| F|  |TAMS 0x0000000088200000, 0x0000000088200000| Untracked 
|  51|0x0000000088300000, 0x0000000088300000, 0x0000000088400000|  0%| F|  |TAMS 0x0000000088300000, 0x0000000088300000| Untracked 
|  52|0x0000000088400000, 0x0000000088400000, 0x0000000088500000|  0%| F|  |TAMS 0x0000000088400000, 0x0000000088400000| Untracked 
|  53|0x0000000088500000, 0x0000000088500000, 0x0000000088600000|  0%| F|  |TAMS 0x0000000088500000, 0x0000000088500000| Untracked 
|  54|0x0000000088600000, 0x0000000088600000, 0x0000000088700000|  0%| F|  |TAMS 0x0000000088600000, 0x0000000088600000| Untracked 
|  55|0x0000000088700000, 0x0000000088700000, 0x0000000088800000|  0%| F|  |TAMS 0x0000000088700000, 0x0000000088700000| Untracked 
|  56|0x0000000088800000, 0x0000000088800000, 0x0000000088900000|  0%| F|  |TAMS 0x0000000088800000, 0x0000000088800000| Untracked 
|  57|0x0000000088900000, 0x0000000088900000, 0x0000000088a00000|  0%| F|  |TAMS 0x0000000088900000, 0x0000000088900000| Untracked 
|  58|0x0000000088a00000, 0x0000000088a00000, 0x0000000088b00000|  0%| F|  |TAMS 0x0000000088a00000, 0x0000000088a00000| Untracked 
|  59|0x0000000088b00000, 0x0000000088b00000, 0x0000000088c00000|  0%| F|  |TAMS 0x0000000088b00000, 0x0000000088b00000| Untracked 
|  60|0x0000000088c00000, 0x0000000088c00000, 0x0000000088d00000|  0%| F|  |TAMS 0x0000000088c00000, 0x0000000088c00000| Untracked 
|  61|0x0000000088d00000, 0x0000000088d00000, 0x0000000088e00000|  0%| F|  |TAMS 0x0000000088d00000, 0x0000000088d00000| Untracked 
|  62|0x0000000088e00000, 0x0000000088e00000, 0x0000000088f00000|  0%| F|  |TAMS 0x0000000088e00000, 0x0000000088e00000| Untracked 
|  63|0x0000000088f00000, 0x0000000088f00000, 0x0000000089000000|  0%| F|  |TAMS 0x0000000088f00000, 0x0000000088f00000| Untracked 
|  64|0x0000000089000000, 0x0000000089000000, 0x0000000089100000|  0%| F|  |TAMS 0x0000000089000000, 0x0000000089000000| Untracked 
|  65|0x0000000089100000, 0x0000000089100000, 0x0000000089200000|  0%| F|  |TAMS 0x0000000089100000, 0x0000000089100000| Untracked 
|  66|0x0000000089200000, 0x0000000089200000, 0x0000000089300000|  0%| F|  |TAMS 0x0000000089200000, 0x0000000089200000| Untracked 
|  67|0x0000000089300000, 0x0000000089300000, 0x0000000089400000|  0%| F|  |TAMS 0x0000000089300000, 0x0000000089300000| Untracked 
|  68|0x0000000089400000, 0x0000000089400000, 0x0000000089500000|  0%| F|  |TAMS 0x0000000089400000, 0x0000000089400000| Untracked 
|  69|0x0000000089500000, 0x0000000089500000, 0x0000000089600000|  0%| F|  |TAMS 0x0000000089500000, 0x0000000089500000| Untracked 
|  70|0x0000000089600000, 0x0000000089600000, 0x0000000089700000|  0%| F|  |TAMS 0x0000000089600000, 0x0000000089600000| Untracked 
|  71|0x0000000089700000, 0x0000000089700000, 0x0000000089800000|  0%| F|  |TAMS 0x0000000089700000, 0x0000000089700000| Untracked 
|  72|0x0000000089800000, 0x0000000089800000, 0x0000000089900000|  0%| F|  |TAMS 0x0000000089800000, 0x0000000089800000| Untracked 
|  73|0x0000000089900000, 0x0000000089900000, 0x0000000089a00000|  0%| F|  |TAMS 0x0000000089900000, 0x0000000089900000| Untracked 
|  74|0x0000000089a00000, 0x0000000089a00000, 0x0000000089b00000|  0%| F|  |TAMS 0x0000000089a00000, 0x0000000089a00000| Untracked 
|  75|0x0000000089b00000, 0x0000000089b00000, 0x0000000089c00000|  0%| F|  |TAMS 0x0000000089b00000, 0x0000000089b00000| Untracked 
|  76|0x0000000089c00000, 0x0000000089c00000, 0x0000000089d00000|  0%| F|  |TAMS 0x0000000089c00000, 0x0000000089c00000| Untracked 
|  77|0x0000000089d00000, 0x0000000089d00000, 0x0000000089e00000|  0%| F|  |TAMS 0x0000000089d00000, 0x0000000089d00000| Untracked 
|  78|0x0000000089e00000, 0x0000000089e00000, 0x0000000089f00000|  0%| F|  |TAMS 0x0000000089e00000, 0x0000000089e00000| Untracked 
|  79|0x0000000089f00000, 0x0000000089f00000, 0x000000008a000000|  0%| F|  |TAMS 0x0000000089f00000, 0x0000000089f00000| Untracked 
|  80|0x000000008a000000, 0x000000008a000000, 0x000000008a100000|  0%| F|  |TAMS 0x000000008a000000, 0x000000008a000000| Untracked 
|  81|0x000000008a100000, 0x000000008a100000, 0x000000008a200000|  0%| F|  |TAMS 0x000000008a100000, 0x000000008a100000| Untracked 
|  82|0x000000008a200000, 0x000000008a200000, 0x000000008a300000|  0%| F|  |TAMS 0x000000008a200000, 0x000000008a200000| Untracked 
|  83|0x000000008a300000, 0x000000008a300000, 0x000000008a400000|  0%| F|  |TAMS 0x000000008a300000, 0x000000008a300000| Untracked 
|  84|0x000000008a400000, 0x000000008a400000, 0x000000008a500000|  0%| F|  |TAMS 0x000000008a400000, 0x000000008a400000| Untracked 
|  85|0x000000008a500000, 0x000000008a500000, 0x000000008a600000|  0%| F|  |TAMS 0x000000008a500000, 0x000000008a500000| Untracked 
|  86|0x000000008a600000, 0x000000008a666ff8, 0x000000008a700000| 40%| S|CS|TAMS 0x000000008a600000, 0x000000008a600000| Complete 
|  87|0x000000008a700000, 0x000000008a800000, 0x000000008a800000|100%| S|CS|TAMS 0x000000008a700000, 0x000000008a700000| Complete 
|  88|0x000000008a800000, 0x000000008a900000, 0x000000008a900000|100%| S|CS|TAMS 0x000000008a800000, 0x000000008a800000| Complete 
|  89|0x000000008a900000, 0x000000008aa00000, 0x000000008aa00000|100%| S|CS|TAMS 0x000000008a900000, 0x000000008a900000| Complete 
|  90|0x000000008aa00000, 0x000000008ab00000, 0x000000008ab00000|100%| S|CS|TAMS 0x000000008aa00000, 0x000000008aa00000| Complete 
|  91|0x000000008ab00000, 0x000000008ac00000, 0x000000008ac00000|100%| S|CS|TAMS 0x000000008ab00000, 0x000000008ab00000| Complete 
|  92|0x000000008ac00000, 0x000000008ad00000, 0x000000008ad00000|100%| S|CS|TAMS 0x000000008ac00000, 0x000000008ac00000| Complete 
|  93|0x000000008ad00000, 0x000000008ae00000, 0x000000008ae00000|100%| S|CS|TAMS 0x000000008ad00000, 0x000000008ad00000| Complete 
|  94|0x000000008ae00000, 0x000000008ae00000, 0x000000008af00000|  0%| F|  |TAMS 0x000000008ae00000, 0x000000008ae00000| Untracked 
|  95|0x000000008af00000, 0x000000008af00000, 0x000000008b000000|  0%| F|  |TAMS 0x000000008af00000, 0x000000008af00000| Untracked 
|  96|0x000000008b000000, 0x000000008b000000, 0x000000008b100000|  0%| F|  |TAMS 0x000000008b000000, 0x000000008b000000| Untracked 
|  97|0x000000008b100000, 0x000000008b100000, 0x000000008b200000|  0%| F|  |TAMS 0x000000008b100000, 0x000000008b100000| Untracked 
|  98|0x000000008b200000, 0x000000008b200000, 0x000000008b300000|  0%| F|  |TAMS 0x000000008b200000, 0x000000008b200000| Untracked 
|  99|0x000000008b300000, 0x000000008b300000, 0x000000008b400000|  0%| F|  |TAMS 0x000000008b300000, 0x000000008b300000| Untracked 
| 100|0x000000008b400000, 0x000000008b400000, 0x000000008b500000|  0%| F|  |TAMS 0x000000008b400000, 0x000000008b400000| Untracked 
| 101|0x000000008b500000, 0x000000008b500000, 0x000000008b600000|  0%| F|  |TAMS 0x000000008b500000, 0x000000008b500000| Untracked 
| 102|0x000000008b600000, 0x000000008b600000, 0x000000008b700000|  0%| F|  |TAMS 0x000000008b600000, 0x000000008b600000| Untracked 
| 103|0x000000008b700000, 0x000000008b7d6410, 0x000000008b800000| 83%| E|  |TAMS 0x000000008b700000, 0x000000008b700000| Complete 
| 104|0x000000008b800000, 0x000000008b900000, 0x000000008b900000|100%| E|CS|TAMS 0x000000008b800000, 0x000000008b800000| Complete 
| 105|0x000000008b900000, 0x000000008ba00000, 0x000000008ba00000|100%| E|CS|TAMS 0x000000008b900000, 0x000000008b900000| Complete 
| 106|0x000000008ba00000, 0x000000008bb00000, 0x000000008bb00000|100%| E|CS|TAMS 0x000000008ba00000, 0x000000008ba00000| Complete 
| 107|0x000000008bb00000, 0x000000008bc00000, 0x000000008bc00000|100%| E|CS|TAMS 0x000000008bb00000, 0x000000008bb00000| Complete 
| 108|0x000000008bc00000, 0x000000008bd00000, 0x000000008bd00000|100%| E|CS|TAMS 0x000000008bc00000, 0x000000008bc00000| Complete 
| 109|0x000000008bd00000, 0x000000008be00000, 0x000000008be00000|100%| E|CS|TAMS 0x000000008bd00000, 0x000000008bd00000| Complete 
| 110|0x000000008be00000, 0x000000008bf00000, 0x000000008bf00000|100%| E|CS|TAMS 0x000000008be00000, 0x000000008be00000| Complete 
| 111|0x000000008bf00000, 0x000000008c000000, 0x000000008c000000|100%| E|CS|TAMS 0x000000008bf00000, 0x000000008bf00000| Complete 
| 112|0x000000008c000000, 0x000000008c100000, 0x000000008c100000|100%| E|CS|TAMS 0x000000008c000000, 0x000000008c000000| Complete 
| 113|0x000000008c100000, 0x000000008c200000, 0x000000008c200000|100%| E|  |TAMS 0x000000008c100000, 0x000000008c100000| Complete 
| 114|0x000000008c200000, 0x000000008c300000, 0x000000008c300000|100%| E|CS|TAMS 0x000000008c200000, 0x000000008c200000| Complete 
| 115|0x000000008c300000, 0x000000008c400000, 0x000000008c400000|100%| E|CS|TAMS 0x000000008c300000, 0x000000008c300000| Complete 
| 116|0x000000008c400000, 0x000000008c500000, 0x000000008c500000|100%| E|CS|TAMS 0x000000008c400000, 0x000000008c400000| Complete 
| 117|0x000000008c500000, 0x000000008c600000, 0x000000008c600000|100%| E|CS|TAMS 0x000000008c500000, 0x000000008c500000| Complete 
| 118|0x000000008c600000, 0x000000008c700000, 0x000000008c700000|100%| E|CS|TAMS 0x000000008c600000, 0x000000008c600000| Complete 
| 119|0x000000008c700000, 0x000000008c800000, 0x000000008c800000|100%| E|CS|TAMS 0x000000008c700000, 0x000000008c700000| Complete 
| 120|0x000000008c800000, 0x000000008c900000, 0x000000008c900000|100%| E|CS|TAMS 0x000000008c800000, 0x000000008c800000| Complete 
| 121|0x000000008c900000, 0x000000008ca00000, 0x000000008ca00000|100%| E|CS|TAMS 0x000000008c900000, 0x000000008c900000| Complete 
| 122|0x000000008ca00000, 0x000000008cb00000, 0x000000008cb00000|100%| E|CS|TAMS 0x000000008ca00000, 0x000000008ca00000| Complete 
| 123|0x000000008cb00000, 0x000000008cc00000, 0x000000008cc00000|100%| E|CS|TAMS 0x000000008cb00000, 0x000000008cb00000| Complete 
| 124|0x000000008cc00000, 0x000000008cd00000, 0x000000008cd00000|100%| E|CS|TAMS 0x000000008cc00000, 0x000000008cc00000| Complete 
| 125|0x000000008cd00000, 0x000000008ce00000, 0x000000008ce00000|100%| E|CS|TAMS 0x000000008cd00000, 0x000000008cd00000| Complete 
| 126|0x000000008ce00000, 0x000000008cf00000, 0x000000008cf00000|100%| E|CS|TAMS 0x000000008ce00000, 0x000000008ce00000| Complete 
| 127|0x000000008cf00000, 0x000000008d000000, 0x000000008d000000|100%| E|CS|TAMS 0x000000008cf00000, 0x000000008cf00000| Complete 
| 128|0x000000008d000000, 0x000000008d100000, 0x000000008d100000|100%| E|CS|TAMS 0x000000008d000000, 0x000000008d000000| Complete 
| 129|0x000000008d100000, 0x000000008d200000, 0x000000008d200000|100%| E|CS|TAMS 0x000000008d100000, 0x000000008d100000| Complete 
| 130|0x000000008d200000, 0x000000008d300000, 0x000000008d300000|100%| E|CS|TAMS 0x000000008d200000, 0x000000008d200000| Complete 
| 131|0x000000008d300000, 0x000000008d400000, 0x000000008d400000|100%| E|CS|TAMS 0x000000008d300000, 0x000000008d300000| Complete 
| 132|0x000000008d400000, 0x000000008d500000, 0x000000008d500000|100%| E|CS|TAMS 0x000000008d400000, 0x000000008d400000| Complete 
| 133|0x000000008d500000, 0x000000008d600000, 0x000000008d600000|100%| E|CS|TAMS 0x000000008d500000, 0x000000008d500000| Complete 
| 134|0x000000008d600000, 0x000000008d700000, 0x000000008d700000|100%| E|CS|TAMS 0x000000008d600000, 0x000000008d600000| Complete 
| 135|0x000000008d700000, 0x000000008d800000, 0x000000008d800000|100%| E|CS|TAMS 0x000000008d700000, 0x000000008d700000| Complete 
| 136|0x000000008d800000, 0x000000008d900000, 0x000000008d900000|100%| E|CS|TAMS 0x000000008d800000, 0x000000008d800000| Complete 
| 137|0x000000008d900000, 0x000000008da00000, 0x000000008da00000|100%| E|CS|TAMS 0x000000008d900000, 0x000000008d900000| Complete 
| 138|0x000000008da00000, 0x000000008db00000, 0x000000008db00000|100%| E|CS|TAMS 0x000000008da00000, 0x000000008da00000| Complete 
| 139|0x000000008db00000, 0x000000008dc00000, 0x000000008dc00000|100%| E|CS|TAMS 0x000000008db00000, 0x000000008db00000| Complete 
| 140|0x000000008dc00000, 0x000000008dd00000, 0x000000008dd00000|100%| E|CS|TAMS 0x000000008dc00000, 0x000000008dc00000| Complete 
| 141|0x000000008dd00000, 0x000000008de00000, 0x000000008de00000|100%| E|CS|TAMS 0x000000008dd00000, 0x000000008dd00000| Complete 
| 142|0x000000008de00000, 0x000000008df00000, 0x000000008df00000|100%| E|CS|TAMS 0x000000008de00000, 0x000000008de00000| Complete 
| 143|0x000000008df00000, 0x000000008e000000, 0x000000008e000000|100%| E|CS|TAMS 0x000000008df00000, 0x000000008df00000| Complete 
| 144|0x000000008e000000, 0x000000008e100000, 0x000000008e100000|100%| E|CS|TAMS 0x000000008e000000, 0x000000008e000000| Complete 
| 145|0x000000008e100000, 0x000000008e200000, 0x000000008e200000|100%| E|CS|TAMS 0x000000008e100000, 0x000000008e100000| Complete 
| 146|0x000000008e200000, 0x000000008e300000, 0x000000008e300000|100%| E|CS|TAMS 0x000000008e200000, 0x000000008e200000| Complete 
| 147|0x000000008e300000, 0x000000008e400000, 0x000000008e400000|100%| E|CS|TAMS 0x000000008e300000, 0x000000008e300000| Complete 
| 148|0x000000008e400000, 0x000000008e500000, 0x000000008e500000|100%| E|CS|TAMS 0x000000008e400000, 0x000000008e400000| Complete 
| 149|0x000000008e500000, 0x000000008e600000, 0x000000008e600000|100%| E|CS|TAMS 0x000000008e500000, 0x000000008e500000| Complete 
|1966|0x00000000ffe00000, 0x00000000ffe47000, 0x00000000fff00000| 27%|OA|  |TAMS 0x00000000ffe47000, 0x00000000ffe00000| Untracked 
|1967|0x00000000fff00000, 0x00000000fff6b000, 0x0000000100000000| 41%|CA|  |TAMS 0x00000000fff6b000, 0x00000000fff00000| Untracked 

Card table byte_map: [0x00007f84458d9000,0x00007f8445cb1000] _byte_map_base: 0x00007f84454b1000

Marking Bits (Prev, Next): (CMBitMap*) 0x00007f844005c9a0, (CMBitMap*) 0x00007f844005c968
 Prev Bits: [0x00007f8420280000, 0x00007f8422140000)
 Next Bits: [0x00007f8422140000, 0x00007f8424000000)

Polling page: 0x00007f844818b000

Metaspace:

Usage:
  Non-class:     53.44 MB capacity,    52.02 MB ( 97%) used,     1.14 MB (  2%) free+waste,   284.44 KB ( <1%) overhead. 
      Class:      8.89 MB capacity,     7.96 MB ( 90%) used,   810.95 KB (  9%) free+waste,   136.88 KB (  2%) overhead. 
       Both:     62.33 MB capacity,    59.98 MB ( 96%) used,     1.93 MB (  3%) free+waste,   421.31 KB ( <1%) overhead. 

Virtual space:
  Non-class space:       54.00 MB reserved,      53.50 MB (>99%) committed 
      Class space:        1.00 GB reserved,       8.95 MB ( <1%) committed 
             Both:        1.05 GB reserved,      62.45 MB (  6%) committed 

Chunk freelists:
   Non-Class:  50.00 KB
       Class:  0 bytes
        Both:  50.00 KB

MaxMetaspaceSize: unlimited
CompressedClassSpaceSize: 1.00 GB

CodeHeap 'non-profiled nmethods': size=120032Kb used=4759Kb max_used=4759Kb free=115272Kb
 bounds [0x00007f8430340000, 0x00007f84307f0000, 0x00007f8437878000]
CodeHeap 'profiled nmethods': size=120032Kb used=14825Kb max_used=14825Kb free=105206Kb
 bounds [0x00007f8428e08000, 0x00007f8429c88000, 0x00007f8430340000]
CodeHeap 'non-nmethods': size=5696Kb used=1313Kb max_used=1385Kb free=4382Kb
 bounds [0x00007f8428878000, 0x00007f8428ae8000, 0x00007f8428e08000]
 total_blobs=7693 nmethods=7059 adapters=553
 compilation: enabled
              stopped_count=0, restarted_count=0
 full_count=0

Compilation events (20 events):
Event: 654.028 Thread 0x00007f8440123000 nmethod 7223 0x00007f8429c7f810 code [0x00007f8429c7fac0, 0x00007f8429c807c0]
Event: 654.028 Thread 0x00007f8440123000 7224       3       java.util.stream.ReduceOps::makeRef (42 bytes)
Event: 654.029 Thread 0x00007f8440123000 nmethod 7224 0x00007f8429c80c10 code [0x00007f8429c80e40, 0x00007f8429c81640]
Event: 654.047 Thread 0x00007f8440121000 nmethod 7222 0x00007f84307e3490 code [0x00007f84307e36e0, 0x00007f84307e43f0]
Event: 659.095 Thread 0x00007f8440123000 7225       1       com.mongodb.internal.connection.DefaultServerMonitor::access$800 (5 bytes)
Event: 659.095 Thread 0x00007f8440123000 nmethod 7225 0x00007f84307e4c10 code [0x00007f84307e4dc0, 0x00007f84307e4e50]
Event: 659.095 Thread 0x00007f8440123000 7226       1       com.mongodb.connection.TopologyVersion::getProcessId (5 bytes)
Event: 659.095 Thread 0x00007f8440123000 nmethod 7226 0x00007f84307e4f10 code [0x00007f84307e50c0, 0x00007f84307e5190]
Event: 659.095 Thread 0x00007f8440123000 7227       1       com.mongodb.connection.TopologyVersion::getCounter (5 bytes)
Event: 659.095 Thread 0x00007f8440123000 nmethod 7227 0x00007f84307e5210 code [0x00007f84307e53c0, 0x00007f84307e5490]
Event: 659.095 Thread 0x00007f8440123000 7228       1       com.mongodb.internal.connection.DefaultServerMonitor::access$900 (5 bytes)
Event: 659.096 Thread 0x00007f8440123000 nmethod 7228 0x00007f84307e5510 code [0x00007f84307e56c0, 0x00007f84307e5750]
Event: 663.754 Thread 0x00007f8440121000 7229       4       java.util.Collections$UnmodifiableCollection::iterator (9 bytes)
Event: 663.758 Thread 0x00007f8440121000 nmethod 7229 0x00007f84307e5810 code [0x00007f84307e59c0, 0x00007f84307e5bb8]
Event: 669.103 Thread 0x00007f8440123000 7230       3       io.netty.util.concurrent.AbstractScheduledEventExecutor::scheduledTaskQueue (28 bytes)
Event: 669.104 Thread 0x00007f8440123000 nmethod 7230 0x00007f8429c81910 code [0x00007f8429c81ae0, 0x00007f8429c81d40]
Event: 669.104 Thread 0x00007f8440123000 7231       3       io.netty.util.concurrent.ScheduledFutureTask::priorityQueueIndex (5 bytes)
Event: 669.104 Thread 0x00007f8440123000 nmethod 7231 0x00007f8429c81e10 code [0x00007f8429c81fc0, 0x00007f8429c820d0]
Event: 671.394 Thread 0x00007f8440123000 7232       3       sun.nio.ch.IOStatus::normalize (10 bytes)
Event: 671.394 Thread 0x00007f8440123000 nmethod 7232 0x00007f8429c82190 code [0x00007f8429c82340, 0x00007f8429c82470]

GC Heap History (20 events):
Event: 9.304 GC heap before
{Heap before GC invocations=4 (full 0):
 garbage-first heap   total 129024K, used 82100K [0x0000000085000000, 0x0000000100000000)
  region size 1024K, 74 young (75776K), 3 survivors (3072K)
 Metaspace       used 17429K, capacity 18002K, committed 18176K, reserved 1064960K
  class space    used 2060K, capacity 2271K, committed 2304K, reserved 1048576K
}
Event: 9.313 GC heap after
{Heap after GC invocations=5 (full 0):
 garbage-first heap   total 129024K, used 10538K [0x0000000085000000, 0x0000000100000000)
  region size 1024K, 4 young (4096K), 4 survivors (4096K)
 Metaspace       used 17429K, capacity 18002K, committed 18176K, reserved 1064960K
  class space    used 2060K, capacity 2271K, committed 2304K, reserved 1048576K
}
Event: 10.508 GC heap before
{Heap before GC invocations=5 (full 0):
 garbage-first heap   total 129024K, used 46378K [0x0000000085000000, 0x0000000100000000)
  region size 1024K, 41 young (41984K), 4 survivors (4096K)
 Metaspace       used 20611K, capacity 21200K, committed 21296K, reserved 1069056K
  class space    used 2521K, capacity 2760K, committed 2816K, reserved 1048576K
}
Event: 10.522 GC heap after
{Heap after GC invocations=6 (full 0):
 garbage-first heap   total 129024K, used 11571K [0x0000000085000000, 0x0000000100000000)
  region size 1024K, 5 young (5120K), 5 survivors (5120K)
 Metaspace       used 20611K, capacity 21200K, committed 21296K, reserved 1069056K
  class space    used 2521K, capacity 2760K, committed 2816K, reserved 1048576K
}
Event: 11.488 GC heap before
{Heap before GC invocations=7 (full 0):
 garbage-first heap   total 129024K, used 81203K [0x0000000085000000, 0x0000000100000000)
  region size 1024K, 74 young (75776K), 5 survivors (5120K)
 Metaspace       used 24617K, capacity 25370K, committed 25472K, reserved 1071104K
  class space    used 3073K, capacity 3355K, committed 3456K, reserved 1048576K
}
Event: 11.504 GC heap after
{Heap after GC invocations=8 (full 0):
 garbage-first heap   total 129024K, used 13423K [0x0000000085000000, 0x0000000100000000)
  region size 1024K, 7 young (7168K), 7 survivors (7168K)
 Metaspace       used 24617K, capacity 25370K, committed 25472K, reserved 1071104K
  class space    used 3073K, capacity 3355K, committed 3456K, reserved 1048576K
}
Event: 13.564 GC heap before
{Heap before GC invocations=8 (full 0):
 garbage-first heap   total 129024K, used 82031K [0x0000000085000000, 0x0000000100000000)
  region size 1024K, 74 young (75776K), 7 survivors (7168K)
 Metaspace       used 27690K, capacity 28578K, committed 28672K, reserved 1075200K
  class space    used 3434K, capacity 3760K, committed 3840K, reserved 1048576K
}
Event: 13.593 GC heap after
{Heap after GC invocations=9 (full 0):
 garbage-first heap   total 155648K, used 15020K [0x0000000085000000, 0x0000000100000000)
  region size 1024K, 6 young (6144K), 6 survivors (6144K)
 Metaspace       used 27690K, capacity 28578K, committed 28672K, reserved 1075200K
  class space    used 3434K, capacity 3760K, committed 3840K, reserved 1048576K
}
Event: 16.200 GC heap before
{Heap before GC invocations=9 (full 0):
 garbage-first heap   total 155648K, used 102060K [0x0000000085000000, 0x0000000100000000)
  region size 1024K, 91 young (93184K), 6 survivors (6144K)
 Metaspace       used 34700K, capacity 35765K, committed 35920K, reserved 1081344K
  class space    used 4470K, capacity 4894K, committed 4944K, reserved 1048576K
}
Event: 16.214 GC heap after
{Heap after GC invocations=10 (full 0):
 garbage-first heap   total 155648K, used 17269K [0x0000000085000000, 0x0000000100000000)
  region size 1024K, 8 young (8192K), 8 survivors (8192K)
 Metaspace       used 34700K, capacity 35765K, committed 35920K, reserved 1081344K
  class space    used 4470K, capacity 4894K, committed 4944K, reserved 1048576K
}
Event: 16.233 GC heap before
{Heap before GC invocations=10 (full 0):
 garbage-first heap   total 155648K, used 17269K [0x0000000085000000, 0x0000000100000000)
  region size 1024K, 9 young (9216K), 8 survivors (8192K)
 Metaspace       used 34801K, capacity 35829K, committed 35920K, reserved 1081344K
  class space    used 4483K, capacity 4894K, committed 4944K, reserved 1048576K
}
Event: 16.255 GC heap after
{Heap after GC invocations=11 (full 0):
 garbage-first heap   total 155648K, used 17452K [0x0000000085000000, 0x0000000100000000)
  region size 1024K, 7 young (7168K), 7 survivors (7168K)
 Metaspace       used 34801K, capacity 35829K, committed 35920K, reserved 1081344K
  class space    used 4483K, capacity 4894K, committed 4944K, reserved 1048576K
}
Event: 18.135 GC heap before
{Heap before GC invocations=12 (full 0):
 garbage-first heap   total 155648K, used 86060K [0x0000000085000000, 0x0000000100000000)
  region size 1024K, 74 young (75776K), 7 survivors (7168K)
 Metaspace       used 40859K, capacity 42149K, committed 42320K, reserved 1085440K
  class space    used 5408K, capacity 5937K, committed 5968K, reserved 1048576K
}
Event: 18.162 GC heap after
{Heap after GC invocations=13 (full 0):
 garbage-first heap   total 155648K, used 20287K [0x0000000085000000, 0x0000000100000000)
  region size 1024K, 8 young (8192K), 8 survivors (8192K)
 Metaspace       used 40859K, capacity 42149K, committed 42320K, reserved 1085440K
  class space    used 5408K, capacity 5937K, committed 5968K, reserved 1048576K
}
Event: 20.194 GC heap before
{Heap before GC invocations=13 (full 0):
 garbage-first heap   total 155648K, used 94015K [0x0000000085000000, 0x0000000100000000)
  region size 1024K, 80 young (81920K), 8 survivors (8192K)
 Metaspace       used 46783K, capacity 48457K, committed 48720K, reserved 1091584K
  class space    used 6218K, capacity 6888K, committed 6992K, reserved 1048576K
}
Event: 20.210 GC heap after
{Heap after GC invocations=14 (full 0):
 garbage-first heap   total 155648K, used 23196K [0x0000000085000000, 0x0000000100000000)
  region size 1024K, 9 young (9216K), 9 survivors (9216K)
 Metaspace       used 46783K, capacity 48457K, committed 48720K, reserved 1091584K
  class space    used 6218K, capacity 6888K, committed 6992K, reserved 1048576K
}
Event: 23.489 GC heap before
{Heap before GC invocations=14 (full 0):
 garbage-first heap   total 155648K, used 98972K [0x0000000085000000, 0x0000000100000000)
  region size 1024K, 83 young (84992K), 9 survivors (9216K)
 Metaspace       used 53438K, capacity 55371K, committed 55760K, reserved 1097728K
  class space    used 7081K, capacity 7857K, committed 7888K, reserved 1048576K
}
Event: 23.513 GC heap after
{Heap after GC invocations=15 (full 0):
 garbage-first heap   total 155648K, used 28325K [0x0000000085000000, 0x0000000100000000)
  region size 1024K, 9 young (9216K), 9 survivors (9216K)
 Metaspace       used 53438K, capacity 55371K, committed 55760K, reserved 1097728K
  class space    used 7081K, capacity 7857K, committed 7888K, reserved 1048576K
}
Event: 294.070 GC heap before
{Heap before GC invocations=15 (full 0):
 garbage-first heap   total 155648K, used 83621K [0x0000000085000000, 0x0000000100000000)
  region size 1024K, 65 young (66560K), 9 survivors (9216K)
 Metaspace       used 58113K, capacity 60051K, committed 60240K, reserved 1101824K
  class space    used 7658K, capacity 8435K, committed 8528K, reserved 1048576K
}
Event: 294.096 GC heap after
{Heap after GC invocations=16 (full 0):
 garbage-first heap   total 155648K, used 30606K [0x0000000085000000, 0x0000000100000000)
  region size 1024K, 8 young (8192K), 8 survivors (8192K)
 Metaspace       used 58113K, capacity 60051K, committed 60240K, reserved 1101824K
  class space    used 7658K, capacity 8435K, committed 8528K, reserved 1048576K
}

Deoptimization events (20 events):
Event: 418.900 Thread 0x00007f83c4fab800 Uncommon trap: trap_request=0xffffffde fr.pc=0x00007f84307b8728 relative=0x0000000000001ca8
Event: 418.900 Thread 0x00007f83c4fab800 Uncommon trap: reason=class_check action=maybe_recompile pc=0x00007f84307b8728 method=com.mongodb.connection.netty.NettyByteBuf.remaining()I @ 19 c2
Event: 418.900 Thread 0x00007f83c4fab800 DEOPT PACKING pc=0x00007f84307b8728 sp=0x00007f84185dd360
Event: 418.900 Thread 0x00007f83c4fab800 DEOPT UNPACKING pc=0x00007f84288ae425 sp=0x00007f84185dd3a8 mode 2
Event: 418.900 Thread 0x00007f83c4fab800 Uncommon trap: trap_request=0xffffffde fr.pc=0x00007f84307b0380 relative=0x0000000000000220
Event: 418.900 Thread 0x00007f83c4fab800 Uncommon trap: reason=class_check action=maybe_recompile pc=0x00007f84307b0380 method=com.mongodb.connection.netty.NettyByteBuf.position(I)Lorg/bson/ByteBuf; @ 24 c2
Event: 418.900 Thread 0x00007f83c4fab800 DEOPT PACKING pc=0x00007f84307b0380 sp=0x00007f84185dd400
Event: 418.900 Thread 0x00007f83c4fab800 DEOPT UNPACKING pc=0x00007f84288ae425 sp=0x00007f84185dd3f8 mode 2
Event: 418.900 Thread 0x00007f83c4fab800 Uncommon trap: trap_request=0xffffffde fr.pc=0x00007f84307adfb8 relative=0x00000000000001d8
Event: 418.900 Thread 0x00007f83c4fab800 Uncommon trap: reason=class_check action=maybe_recompile pc=0x00007f84307adfb8 method=com.mongodb.connection.netty.NettyByteBuf.remaining()I @ 19 c2
Event: 418.900 Thread 0x00007f83c4fab800 DEOPT PACKING pc=0x00007f84307adfb8 sp=0x00007f84185dd260
Event: 418.900 Thread 0x00007f83c4fab800 DEOPT UNPACKING pc=0x00007f84288ae425 sp=0x00007f84185dd1c0 mode 2
Event: 418.900 Thread 0x00007f83c4fab800 Uncommon trap: trap_request=0xffffffde fr.pc=0x00007f84307b0380 relative=0x0000000000000220
Event: 418.900 Thread 0x00007f83c4fab800 Uncommon trap: reason=class_check action=maybe_recompile pc=0x00007f84307b0380 method=com.mongodb.connection.netty.NettyByteBuf.position(I)Lorg/bson/ByteBuf; @ 24 c2
Event: 418.900 Thread 0x00007f83c4fab800 DEOPT PACKING pc=0x00007f84307b0380 sp=0x00007f84185dd330
Event: 418.900 Thread 0x00007f83c4fab800 DEOPT UNPACKING pc=0x00007f84288ae425 sp=0x00007f84185dd328 mode 2
Event: 473.973 Thread 0x00007f83c5608800 Uncommon trap: trap_request=0xffffffdc fr.pc=0x00007f84307d1d14 relative=0x0000000000000254
Event: 473.973 Thread 0x00007f83c5608800 Uncommon trap: reason=class_check action=make_not_entrant pc=0x00007f84307d1d14 method=java.util.ArrayList.toArray([Ljava/lang/Object;)[Ljava/lang/Object; @ 21 c2
Event: 473.973 Thread 0x00007f83c5608800 DEOPT PACKING pc=0x00007f84307d1d14 sp=0x00007f8418e15bb0
Event: 473.973 Thread 0x00007f83c5608800 DEOPT UNPACKING pc=0x00007f84288ae425 sp=0x00007f8418e15b70 mode 2

Classes redefined (0 events):
No events

Internal exceptions (20 events):
Event: 383.923 Thread 0x00007f83b8009800 Exception <a 'java/net/SocketTimeoutException'{0x000000008bd13938}: Read timed out> (0x000000008bd13938) thrown at [./src/hotspot/share/prims/jni.cpp, line 636]
Event: 383.958 Thread 0x00007f83c5608800 Exception <a 'java/net/SocketTimeoutException'{0x000000008bd53930}: Read timed out> (0x000000008bd53930) thrown at [./src/hotspot/share/prims/jni.cpp, line 636]
Event: 413.928 Thread 0x00007f83b8009800 Exception <a 'java/net/SocketTimeoutException'{0x000000008bd1b548}: Read timed out> (0x000000008bd1b548) thrown at [./src/hotspot/share/prims/jni.cpp, line 636]
Event: 413.964 Thread 0x00007f83c5608800 Exception <a 'java/net/SocketTimeoutException'{0x000000008bd5ad20}: Read timed out> (0x000000008bd5ad20) thrown at [./src/hotspot/share/prims/jni.cpp, line 636]
Event: 443.933 Thread 0x00007f83b8009800 Exception <a 'java/net/SocketTimeoutException'{0x000000008bb85f98}: Read timed out> (0x000000008bb85f98) thrown at [./src/hotspot/share/prims/jni.cpp, line 636]
Event: 443.969 Thread 0x00007f83c5608800 Exception <a 'java/net/SocketTimeoutException'{0x000000008bbc5a68}: Read timed out> (0x000000008bbc5a68) thrown at [./src/hotspot/share/prims/jni.cpp, line 636]
Event: 473.939 Thread 0x00007f83b8009800 Exception <a 'java/net/SocketTimeoutException'{0x000000008bb8dba8}: Read timed out> (0x000000008bb8dba8) thrown at [./src/hotspot/share/prims/jni.cpp, line 636]
Event: 473.976 Thread 0x00007f83c5608800 Exception <a 'java/net/SocketTimeoutException'{0x000000008bbcce58}: Read timed out> (0x000000008bbcce58) thrown at [./src/hotspot/share/prims/jni.cpp, line 636]
Event: 503.948 Thread 0x00007f83b8009800 Exception <a 'java/net/SocketTimeoutException'{0x000000008bb9d948}: Read timed out> (0x000000008bb9d948) thrown at [./src/hotspot/share/prims/jni.cpp, line 636]
Event: 503.984 Thread 0x00007f83c5608800 Exception <a 'java/net/SocketTimeoutException'{0x000000008bbd4248}: Read timed out> (0x000000008bbd4248) thrown at [./src/hotspot/share/prims/jni.cpp, line 636]
Event: 533.972 Thread 0x00007f83b8009800 Exception <a 'java/net/SocketTimeoutException'{0x000000008bba5558}: Read timed out> (0x000000008bba5558) thrown at [./src/hotspot/share/prims/jni.cpp, line 636]
Event: 533.993 Thread 0x00007f83c5608800 Exception <a 'java/net/SocketTimeoutException'{0x000000008bbdb638}: Read timed out> (0x000000008bbdb638) thrown at [./src/hotspot/share/prims/jni.cpp, line 636]
Event: 563.979 Thread 0x00007f83b8009800 Exception <a 'java/net/SocketTimeoutException'{0x000000008b9445c0}: Read timed out> (0x000000008b9445c0) thrown at [./src/hotspot/share/prims/jni.cpp, line 636]
Event: 563.999 Thread 0x00007f83c5608800 Exception <a 'java/net/SocketTimeoutException'{0x000000008bbe2a28}: Read timed out> (0x000000008bbe2a28) thrown at [./src/hotspot/share/prims/jni.cpp, line 636]
Event: 593.984 Thread 0x00007f83b8009800 Exception <a 'java/net/SocketTimeoutException'{0x000000008b94c1d0}: Read timed out> (0x000000008b94c1d0) thrown at [./src/hotspot/share/prims/jni.cpp, line 636]
Event: 594.004 Thread 0x00007f83c5608800 Exception <a 'java/net/SocketTimeoutException'{0x000000008b886ea8}: Read timed out> (0x000000008b886ea8) thrown at [./src/hotspot/share/prims/jni.cpp, line 636]
Event: 623.990 Thread 0x00007f83b8009800 Exception <a 'java/net/SocketTimeoutException'{0x000000008b953de0}: Read timed out> (0x000000008b953de0) thrown at [./src/hotspot/share/prims/jni.cpp, line 636]
Event: 624.010 Thread 0x00007f83c5608800 Exception <a 'java/net/SocketTimeoutException'{0x000000008b88e298}: Read timed out> (0x000000008b88e298) thrown at [./src/hotspot/share/prims/jni.cpp, line 636]
Event: 653.996 Thread 0x00007f83b8009800 Exception <a 'java/net/SocketTimeoutException'{0x000000008b95b9f0}: Read timed out> (0x000000008b95b9f0) thrown at [./src/hotspot/share/prims/jni.cpp, line 636]
Event: 654.023 Thread 0x00007f83c5608800 Exception <a 'java/net/SocketTimeoutException'{0x000000008b89bb70}: Read timed out> (0x000000008b89bb70) thrown at [./src/hotspot/share/prims/jni.cpp, line 636]

Events (20 events):
Event: 641.388 Executing VM operation: RevokeBias
Event: 641.388 Executing VM operation: RevokeBias done
Event: 651.390 Executing VM operation: RevokeBias
Event: 651.390 Executing VM operation: RevokeBias done
Event: 654.015 loading class org/slf4j/Marker
Event: 654.015 loading class org/slf4j/Marker done
Event: 661.392 Executing VM operation: RevokeBias
Event: 661.392 Executing VM operation: RevokeBias done
Event: 669.856 Executing VM operation: ChangeBreakpoints
Event: 669.856 Executing VM operation: ChangeBreakpoints done
Event: 669.858 Executing VM operation: ChangeBreakpoints
Event: 669.859 Executing VM operation: ChangeBreakpoints done
Event: 669.859 Executing VM operation: ChangeBreakpoints
Event: 669.859 Executing VM operation: ChangeBreakpoints done
Event: 669.859 Executing VM operation: ChangeBreakpoints
Event: 669.863 Executing VM operation: ChangeBreakpoints done
Event: 671.393 Executing VM operation: RevokeBias
Event: 671.393 Executing VM operation: RevokeBias done
Event: 672.379 Thread 0x00007f83ec001800 Thread exited: 0x00007f83ec001800
Event: 672.397 loading class jdk/internal/misc/Signal$1


Dynamic libraries:
85000000-8e600000 rw-p 00000000 00:00 0 
8e600000-ffe00000 ---p 00000000 00:00 0 
ffe00000-ffe47000 rw-p 01111000 08:04 13373429                           /usr/lib/jvm/java-11-openjdk-amd64/lib/server/classes.jsa
ffe47000-fff00000 rw-p 00000000 00:00 0 
fff00000-fff6b000 rw-p 010a6000 08:04 13373429                           /usr/lib/jvm/java-11-openjdk-amd64/lib/server/classes.jsa
fff6b000-100000000 rw-p 00000000 00:00 0 
800000000-800002000 rwxp 00001000 08:04 13373429                         /usr/lib/jvm/java-11-openjdk-amd64/lib/server/classes.jsa
800002000-8010a5000 rw-p 00003000 08:04 13373429                         /usr/lib/jvm/java-11-openjdk-amd64/lib/server/classes.jsa
840000000-8408f4000 rw-p 00000000 00:00 0 
8408f4000-880000000 ---p 00000000 00:00 0 
5558506db000-5558506dc000 r--p 00000000 08:04 13246786                   /usr/lib/jvm/java-11-openjdk-amd64/bin/java
5558506dc000-5558506dd000 r-xp 00001000 08:04 13246786                   /usr/lib/jvm/java-11-openjdk-amd64/bin/java
5558506dd000-5558506de000 r--p 00002000 08:04 13246786                   /usr/lib/jvm/java-11-openjdk-amd64/bin/java
5558506de000-5558506df000 r--p 00002000 08:04 13246786                   /usr/lib/jvm/java-11-openjdk-amd64/bin/java
5558506df000-5558506e0000 rw-p 00003000 08:04 13246786                   /usr/lib/jvm/java-11-openjdk-amd64/bin/java
55585170b000-55585174d000 rw-p 00000000 00:00 0                          [heap]
7f839d6df000-7f839d6e3000 ---p 00000000 00:00 0 
7f839d6e3000-7f839e7e1000 rw-p 00000000 00:00 0 
7f839e7e1000-7f839e7e5000 ---p 00000000 00:00 0 
7f839e7e5000-7f839ea62000 rw-p 00000000 00:00 0 
7f839ea62000-7f839eae2000 ---p 00000000 00:00 0 
7f839eae2000-7f839eae6000 ---p 00000000 00:00 0 
7f839eae6000-7f839ede3000 rw-p 00000000 00:00 0 
7f839ede3000-7f83a0de5000 rw-p 00000000 00:00 0 
7f83a0de5000-7f83a0de9000 ---p 00000000 00:00 0 
7f83a0de9000-7f83a0ee6000 rw-p 00000000 00:00 0 
7f83a0ee6000-7f83a0eea000 ---p 00000000 00:00 0 
7f83a0eea000-7f83a0fe7000 rw-p 00000000 00:00 0 
7f83a0fe7000-7f83a0feb000 ---p 00000000 00:00 0 
7f83a0feb000-7f83a10e8000 rw-p 00000000 00:00 0 
7f83a10e8000-7f83a10f8000 r-xp 00000000 08:04 2883661                    /tmp/libnetty_transport_native_epoll_x86_644997850541943936248.so (deleted)
7f83a10f8000-7f83a12f7000 ---p 00010000 08:04 2883661                    /tmp/libnetty_transport_native_epoll_x86_644997850541943936248.so (deleted)
7f83a12f7000-7f83a12f9000 rw-p 0000f000 08:04 2883661                    /tmp/libnetty_transport_native_epoll_x86_644997850541943936248.so (deleted)
7f83a12f9000-7f83a14f9000 rw-p 00000000 00:00 0 
7f83a14f9000-7f83a14fd000 ---p 00000000 00:00 0 
7f83a14fd000-7f83a15fa000 rw-p 00000000 00:00 0 
7f83a15fa000-7f83a15fe000 ---p 00000000 00:00 0 
7f83a15fe000-7f83a16fb000 rw-p 00000000 00:00 0 
7f83a16fb000-7f83a16ff000 ---p 00000000 00:00 0 
7f83a16ff000-7f83a19fc000 rw-p 00000000 00:00 0 
7f83a19fc000-7f83a1a00000 ---p 00000000 00:00 0 
7f83a1a00000-7f83a1cfd000 rw-p 00000000 00:00 0 
7f83a1cfd000-7f83a1d01000 ---p 00000000 00:00 0 
7f83a1d01000-7f83a1ffe000 rw-p 00000000 00:00 0 
7f83a1ffe000-7f83a4000000 rw-p 00000000 00:00 0 
7f83a4000000-7f83a4021000 rw-p 00000000 00:00 0 
7f83a4021000-7f83a8000000 ---p 00000000 00:00 0 
7f83a8000000-7f83a8021000 rw-p 00000000 00:00 0 
7f83a8021000-7f83ac000000 ---p 00000000 00:00 0 
7f83ac000000-7f83ac107000 rw-p 00000000 00:00 0 
7f83ac107000-7f83b0000000 ---p 00000000 00:00 0 
7f83b0000000-7f83b026f000 rw-p 00000000 00:00 0 
7f83b026f000-7f83b4000000 ---p 00000000 00:00 0 
7f83b40f9000-7f83b40fd000 ---p 00000000 00:00 0 
7f83b40fd000-7f83b43fa000 rw-p 00000000 00:00 0 
7f83b43fa000-7f83b43fe000 ---p 00000000 00:00 0 
7f83b43fe000-7f83b46fb000 rw-p 00000000 00:00 0 
7f83b46fb000-7f83b46ff000 ---p 00000000 00:00 0 
7f83b46ff000-7f83b49fc000 rw-p 00000000 00:00 0 
7f83b49fc000-7f83b69fe000 rw-p 00000000 00:00 0 
7f83b69fe000-7f83b6a02000 ---p 00000000 00:00 0 
7f83b6a02000-7f83b6aff000 rw-p 00000000 00:00 0 
7f83b6aff000-7f83b6b03000 ---p 00000000 00:00 0 
7f83b6b03000-7f83b6e00000 rw-p 00000000 00:00 0 
7f83b6e00000-7f83b7000000 rw-p 00000000 00:00 0 
7f83b7000000-7f83b7200000 rw-p 00000000 00:00 0 
7f83b7200000-7f83b7400000 rw-p 00000000 00:00 0 
7f83b7400000-7f83b7600000 rw-p 00000000 00:00 0 
7f83b7600000-7f83b7800000 rw-p 00000000 00:00 0 
7f83b7800000-7f83b7a00000 rw-p 00000000 00:00 0 
7f83b7a00000-7f83b7c00000 rw-p 00000000 00:00 0 
7f83b7c00000-7f83b7e00000 rw-p 00000000 00:00 0 
7f83b7e00000-7f83b8000000 rw-p 00000000 00:00 0 
7f83b8000000-7f83b8021000 rw-p 00000000 00:00 0 
7f83b8021000-7f83bc000000 ---p 00000000 00:00 0 
7f83bc000000-7f83bc021000 rw-p 00000000 00:00 0 
7f83bc021000-7f83c0000000 ---p 00000000 00:00 0 
7f83c0000000-7f83c0021000 rw-p 00000000 00:00 0 
7f83c0021000-7f83c4000000 ---p 00000000 00:00 0 
7f83c4000000-7f83c567f000 rw-p 00000000 00:00 0 
7f83c567f000-7f83c8000000 ---p 00000000 00:00 0 
7f83c8000000-7f83c8036000 rw-p 00000000 00:00 0 
7f83c8036000-7f83cc000000 ---p 00000000 00:00 0 
7f83cc000000-7f83cc023000 rw-p 00000000 00:00 0 
7f83cc023000-7f83d0000000 ---p 00000000 00:00 0 
7f83d0000000-7f83d0021000 rw-p 00000000 00:00 0 
7f83d0021000-7f83d4000000 ---p 00000000 00:00 0 
7f83d4000000-7f83d402b000 rw-p 00000000 00:00 0 
7f83d402b000-7f83d8000000 ---p 00000000 00:00 0 
7f83d8000000-7f83d81a1000 rw-p 00000000 00:00 0 
7f83d81a1000-7f83dc000000 ---p 00000000 00:00 0 
7f83dc000000-7f83dc073000 rw-p 00000000 00:00 0 
7f83dc073000-7f83e0000000 ---p 00000000 00:00 0 
7f83e0000000-7f83e01fd000 rw-p 00000000 00:00 0 
7f83e01fd000-7f83e4000000 ---p 00000000 00:00 0 
7f83e4000000-7f83e4021000 rw-p 00000000 00:00 0 
7f83e4021000-7f83e8000000 ---p 00000000 00:00 0 
7f83e8000000-7f83e8021000 rw-p 00000000 00:00 0 
7f83e8021000-7f83ec000000 ---p 00000000 00:00 0 
7f83ec000000-7f83ec030000 rw-p 00000000 00:00 0 
7f83ec030000-7f83f0000000 ---p 00000000 00:00 0 
7f83f0000000-7f83f2a1a000 rw-p 00000000 00:00 0 
7f83f2a1a000-7f83f4000000 ---p 00000000 00:00 0 
7f83f4000000-7f83f4bb4000 rw-p 00000000 00:00 0 
7f83f4bb4000-7f83f8000000 ---p 00000000 00:00 0 
7f83f8000000-7f83f8021000 rw-p 00000000 00:00 0 
7f83f8021000-7f83fc000000 ---p 00000000 00:00 0 
7f83fc000000-7f83fc037000 rw-p 00000000 00:00 0 
7f83fc037000-7f8400000000 ---p 00000000 00:00 0 
7f8400000000-7f8400021000 rw-p 00000000 00:00 0 
7f8400021000-7f8404000000 ---p 00000000 00:00 0 
7f8404000000-7f8404021000 rw-p 00000000 00:00 0 
7f8404021000-7f8408000000 ---p 00000000 00:00 0 
7f8408000000-7f8408021000 rw-p 00000000 00:00 0 
7f8408021000-7f840c000000 ---p 00000000 00:00 0 
7f840c000000-7f840cd06000 rw-p 00000000 00:00 0 
7f840cd06000-7f8410000000 ---p 00000000 00:00 0 
7f8410000000-7f8410021000 rw-p 00000000 00:00 0 
7f8410021000-7f8414000000 ---p 00000000 00:00 0 
7f8414000000-7f8414027000 rw-p 00000000 00:00 0 
7f8414027000-7f8418000000 ---p 00000000 00:00 0 
7f8418090000-7f8418290000 rw-p 00000000 00:00 0 
7f8418290000-7f8418490000 rw-p 00000000 00:00 0 
7f84184de000-7f84184e2000 ---p 00000000 00:00 0 
7f84184e2000-7f84187df000 rw-p 00000000 00:00 0 
7f84187df000-7f84189df000 rw-p 00000000 00:00 0 
7f8418a13000-7f8418a17000 ---p 00000000 00:00 0 
7f8418a17000-7f8418b14000 rw-p 00000000 00:00 0 
7f8418b14000-7f8418b15000 ---p 00000000 00:00 0 
7f8418b15000-7f8418c16000 rw-p 00000000 00:00 0 
7f8418c16000-7f8418c1a000 ---p 00000000 00:00 0 
7f8418c1a000-7f8418d17000 rw-p 00000000 00:00 0 
7f8418d17000-7f8418d1b000 ---p 00000000 00:00 0 
7f8418d1b000-7f8418e18000 rw-p 00000000 00:00 0 
7f8418e18000-7f8418e1c000 ---p 00000000 00:00 0 
7f8418e1c000-7f8418f19000 rw-p 00000000 00:00 0 
7f8418f19000-7f8418f1a000 ---p 00000000 00:00 0 
7f8418f1a000-7f841901b000 rw-p 00000000 00:00 0 
7f841901b000-7f841901c000 ---p 00000000 00:00 0 
7f841901c000-7f841911d000 rw-p 00000000 00:00 0 
7f841911d000-7f8419121000 ---p 00000000 00:00 0 
7f8419121000-7f841921e000 rw-p 00000000 00:00 0 
7f841921e000-7f841a000000 r--p 00000000 08:04 13114128                   /usr/lib/locale/locale-archive
7f841a000000-7f841c000000 rw-p 00000000 00:00 0 
7f841c000000-7f841c021000 rw-p 00000000 00:00 0 
7f841c021000-7f8420000000 ---p 00000000 00:00 0 
7f8420030000-7f8420038000 r--p 00000000 08:04 13373305                   /usr/lib/jvm/java-11-openjdk-amd64/lib/libsunec.so
7f8420038000-7f8420051000 r-xp 00008000 08:04 13373305                   /usr/lib/jvm/java-11-openjdk-amd64/lib/libsunec.so
7f8420051000-7f842005b000 r--p 00021000 08:04 13373305                   /usr/lib/jvm/java-11-openjdk-amd64/lib/libsunec.so
7f842005b000-7f842005c000 ---p 0002b000 08:04 13373305                   /usr/lib/jvm/java-11-openjdk-amd64/lib/libsunec.so
7f842005c000-7f8420060000 r--p 0002b000 08:04 13373305                   /usr/lib/jvm/java-11-openjdk-amd64/lib/libsunec.so
7f8420060000-7f8420062000 rw-p 0002f000 08:04 13373305                   /usr/lib/jvm/java-11-openjdk-amd64/lib/libsunec.so
7f8420062000-7f8420066000 r--p 00000000 08:04 13115815                   /usr/lib/x86_64-linux-gnu/libresolv-2.33.so
7f8420066000-7f8420075000 r-xp 00004000 08:04 13115815                   /usr/lib/x86_64-linux-gnu/libresolv-2.33.so
7f8420075000-7f8420078000 r--p 00013000 08:04 13115815                   /usr/lib/x86_64-linux-gnu/libresolv-2.33.so
7f8420078000-7f8420079000 ---p 00016000 08:04 13115815                   /usr/lib/x86_64-linux-gnu/libresolv-2.33.so
7f8420079000-7f842007a000 r--p 00016000 08:04 13115815                   /usr/lib/x86_64-linux-gnu/libresolv-2.33.so
7f842007a000-7f842007b000 rw-p 00017000 08:04 13115815                   /usr/lib/x86_64-linux-gnu/libresolv-2.33.so
7f842007b000-7f842007d000 rw-p 00000000 00:00 0 
7f842007d000-7f8420081000 ---p 00000000 00:00 0 
7f8420081000-7f842017e000 rw-p 00000000 00:00 0 
7f842017e000-7f842017f000 ---p 00000000 00:00 0 
7f842017f000-7f84204d8000 rw-p 00000000 00:00 0 
7f84204d8000-7f8422138000 ---p 00000000 00:00 0 
7f8422138000-7f8422398000 rw-p 00000000 00:00 0 
7f8422398000-7f8423ff8000 ---p 00000000 00:00 0 
7f8423ff8000-7f8424000000 rw-p 00000000 00:00 0 
7f8424000000-7f8424021000 rw-p 00000000 00:00 0 
7f8424021000-7f8428000000 ---p 00000000 00:00 0 
7f8428011000-7f8428013000 r--p 00000000 08:04 13115631                   /usr/lib/x86_64-linux-gnu/libnss_dns-2.33.so
7f8428013000-7f8428017000 r-xp 00002000 08:04 13115631                   /usr/lib/x86_64-linux-gnu/libnss_dns-2.33.so
7f8428017000-7f8428018000 r--p 00006000 08:04 13115631                   /usr/lib/x86_64-linux-gnu/libnss_dns-2.33.so
7f8428018000-7f8428019000 r--p 00006000 08:04 13115631                   /usr/lib/x86_64-linux-gnu/libnss_dns-2.33.so
7f8428019000-7f842801a000 rw-p 00007000 08:04 13115631                   /usr/lib/x86_64-linux-gnu/libnss_dns-2.33.so
7f842801a000-7f842801b000 r--p 00000000 08:04 13115639                   /usr/lib/x86_64-linux-gnu/libnss_mdns4_minimal.so.2
7f842801b000-7f842801d000 r-xp 00001000 08:04 13115639                   /usr/lib/x86_64-linux-gnu/libnss_mdns4_minimal.so.2
7f842801d000-7f842801e000 r--p 00003000 08:04 13115639                   /usr/lib/x86_64-linux-gnu/libnss_mdns4_minimal.so.2
7f842801e000-7f842801f000 r--p 00003000 08:04 13115639                   /usr/lib/x86_64-linux-gnu/libnss_mdns4_minimal.so.2
7f842801f000-7f8428020000 rw-p 00004000 08:04 13115639                   /usr/lib/x86_64-linux-gnu/libnss_mdns4_minimal.so.2
7f842802b000-7f842802c000 r--p 00000000 08:04 13373281                   /usr/lib/jvm/java-11-openjdk-amd64/lib/libextnet.so
7f842802c000-7f842802d000 r-xp 00001000 08:04 13373281                   /usr/lib/jvm/java-11-openjdk-amd64/lib/libextnet.so
7f842802d000-7f842802e000 r--p 00002000 08:04 13373281                   /usr/lib/jvm/java-11-openjdk-amd64/lib/libextnet.so
7f842802e000-7f842802f000 r--p 00002000 08:04 13373281                   /usr/lib/jvm/java-11-openjdk-amd64/lib/libextnet.so
7f842802f000-7f8428030000 rw-p 00003000 08:04 13373281                   /usr/lib/jvm/java-11-openjdk-amd64/lib/libextnet.so
7f8428030000-7f8428032000 r--p 00000000 08:04 13373297                   /usr/lib/jvm/java-11-openjdk-amd64/lib/libmanagement_ext.so
7f8428032000-7f8428035000 r-xp 00002000 08:04 13373297                   /usr/lib/jvm/java-11-openjdk-amd64/lib/libmanagement_ext.so
7f8428035000-7f8428036000 r--p 00005000 08:04 13373297                   /usr/lib/jvm/java-11-openjdk-amd64/lib/libmanagement_ext.so
7f8428036000-7f8428037000 ---p 00006000 08:04 13373297                   /usr/lib/jvm/java-11-openjdk-amd64/lib/libmanagement_ext.so
7f8428037000-7f8428038000 r--p 00006000 08:04 13373297                   /usr/lib/jvm/java-11-openjdk-amd64/lib/libmanagement_ext.so
7f8428038000-7f8428039000 rw-p 00007000 08:04 13373297                   /usr/lib/jvm/java-11-openjdk-amd64/lib/libmanagement_ext.so
7f8428039000-7f842803c000 r--p 00000000 08:04 13373295                   /usr/lib/jvm/java-11-openjdk-amd64/lib/libmanagement.so
7f842803c000-7f842803d000 r-xp 00003000 08:04 13373295                   /usr/lib/jvm/java-11-openjdk-amd64/lib/libmanagement.so
7f842803d000-7f842803e000 r--p 00004000 08:04 13373295                   /usr/lib/jvm/java-11-openjdk-amd64/lib/libmanagement.so
7f842803e000-7f842803f000 r--p 00004000 08:04 13373295                   /usr/lib/jvm/java-11-openjdk-amd64/lib/libmanagement.so
7f842803f000-7f8428040000 rw-p 00005000 08:04 13373295                   /usr/lib/jvm/java-11-openjdk-amd64/lib/libmanagement.so
7f8428040000-7f8428042000 r--p 00000000 08:04 13373283                   /usr/lib/jvm/java-11-openjdk-amd64/lib/libinstrument.so
7f8428042000-7f8428049000 r-xp 00002000 08:04 13373283                   /usr/lib/jvm/java-11-openjdk-amd64/lib/libinstrument.so
7f8428049000-7f842804c000 r--p 00009000 08:04 13373283                   /usr/lib/jvm/java-11-openjdk-amd64/lib/libinstrument.so
7f842804c000-7f842804d000 r--p 0000b000 08:04 13373283                   /usr/lib/jvm/java-11-openjdk-amd64/lib/libinstrument.so
7f842804d000-7f842804e000 rw-p 0000c000 08:04 13373283                   /usr/lib/jvm/java-11-openjdk-amd64/lib/libinstrument.so
7f842804e000-7f8428052000 ---p 00000000 00:00 0 
7f8428052000-7f8428070000 rw-p 00000000 00:00 0 
7f8428070000-7f8428074000 ---p 00000000 00:00 0 
7f8428074000-7f8428171000 rw-p 00000000 00:00 0 
7f8428171000-7f8428175000 ---p 00000000 00:00 0 
7f8428175000-7f8428272000 rw-p 00000000 00:00 0 
7f8428272000-7f8428276000 ---p 00000000 00:00 0 
7f8428276000-7f8428373000 rw-p 00000000 00:00 0 
7f8428373000-7f8428377000 ---p 00000000 00:00 0 
7f8428377000-7f8428474000 rw-p 00000000 00:00 0 
7f8428474000-7f8428478000 ---p 00000000 00:00 0 
7f8428478000-7f8428575000 rw-p 00000000 00:00 0 
7f8428575000-7f8428579000 ---p 00000000 00:00 0 
7f8428579000-7f8428676000 rw-p 00000000 00:00 0 
7f8428676000-7f842867a000 ---p 00000000 00:00 0 
7f842867a000-7f8428777000 rw-p 00000000 00:00 0 
7f8428777000-7f842877b000 ---p 00000000 00:00 0 
7f842877b000-7f8428878000 rw-p 00000000 00:00 0 
7f8428878000-7f8428ae8000 rwxp 00000000 00:00 0 
7f8428ae8000-7f8428e08000 ---p 00000000 00:00 0 
7f8428e08000-7f8429c88000 rwxp 00000000 00:00 0 
7f8429c88000-7f8430340000 ---p 00000000 00:00 0 
7f8430340000-7f84307f0000 rwxp 00000000 00:00 0 
7f84307f0000-7f8437878000 ---p 00000000 00:00 0 
7f8440000000-7f8440b40000 rw-p 00000000 00:00 0 
7f8440b40000-7f8444000000 ---p 00000000 00:00 0 
7f8444001000-7f8444032000 rw-p 00000000 00:00 0 
7f8444032000-7f8444036000 r--p 00000000 08:04 13373299                   /usr/lib/jvm/java-11-openjdk-amd64/lib/libnet.so
7f8444036000-7f8444046000 r-xp 00004000 08:04 13373299                   /usr/lib/jvm/java-11-openjdk-amd64/lib/libnet.so
7f8444046000-7f844404a000 r--p 00014000 08:04 13373299                   /usr/lib/jvm/java-11-openjdk-amd64/lib/libnet.so
7f844404a000-7f844404b000 r--p 00017000 08:04 13373299                   /usr/lib/jvm/java-11-openjdk-amd64/lib/libnet.so
7f844404b000-7f844404c000 rw-p 00018000 08:04 13373299                   /usr/lib/jvm/java-11-openjdk-amd64/lib/libnet.so
7f844404c000-7f8444053000 r--p 00000000 08:04 13373300                   /usr/lib/jvm/java-11-openjdk-amd64/lib/libnio.so
7f8444053000-7f844405b000 r-xp 00007000 08:04 13373300                   /usr/lib/jvm/java-11-openjdk-amd64/lib/libnio.so
7f844405b000-7f844405e000 r--p 0000f000 08:04 13373300                   /usr/lib/jvm/java-11-openjdk-amd64/lib/libnio.so
7f844405e000-7f844405f000 r--p 00011000 08:04 13373300                   /usr/lib/jvm/java-11-openjdk-amd64/lib/libnio.so
7f844405f000-7f8444060000 rw-p 00012000 08:04 13373300                   /usr/lib/jvm/java-11-openjdk-amd64/lib/libnio.so
7f8444060000-7f8444062000 r--p 00000000 08:04 13373280                   /usr/lib/jvm/java-11-openjdk-amd64/lib/libdt_socket.so
7f8444062000-7f8444065000 r-xp 00002000 08:04 13373280                   /usr/lib/jvm/java-11-openjdk-amd64/lib/libdt_socket.so
7f8444065000-7f8444066000 r--p 00005000 08:04 13373280                   /usr/lib/jvm/java-11-openjdk-amd64/lib/libdt_socket.so
7f8444066000-7f8444067000 ---p 00006000 08:04 13373280                   /usr/lib/jvm/java-11-openjdk-amd64/lib/libdt_socket.so
7f8444067000-7f8444068000 r--p 00006000 08:04 13373280                   /usr/lib/jvm/java-11-openjdk-amd64/lib/libdt_socket.so
7f8444068000-7f8444069000 rw-p 00007000 08:04 13373280                   /usr/lib/jvm/java-11-openjdk-amd64/lib/libdt_socket.so
7f8444069000-7f844406d000 ---p 00000000 00:00 0 
7f844406d000-7f844416a000 rw-p 00000000 00:00 0 
7f844416a000-7f844416e000 ---p 00000000 00:00 0 
7f844416e000-7f844426b000 rw-p 00000000 00:00 0 
7f844426b000-7f844426c000 ---p 00000000 00:00 0 
7f844426c000-7f8444c71000 rw-p 00000000 00:00 0 
7f8444c71000-7f8444cb3000 rw-p 00000000 00:00 0 
7f8444cb3000-7f8444cb4000 ---p 00000000 00:00 0 
7f8444cb4000-7f8444db5000 rw-p 00000000 00:00 0 
7f8444db5000-7f8444db6000 ---p 00000000 00:00 0 
7f8444db6000-7f84452bb000 rw-p 00000000 00:00 0 
7f84452bb000-7f84452bc000 ---p 00000000 00:00 0 
7f84452bc000-7f84453bd000 rw-p 00000000 00:00 0 
7f84453bd000-7f84453be000 ---p 00000000 00:00 0 
7f84453be000-7f844554c000 rw-p 00000000 00:00 0 
7f844554c000-7f84458d8000 ---p 00000000 00:00 0 
7f84458d8000-7f8445924000 rw-p 00000000 00:00 0 
7f8445924000-7f8445cb0000 ---p 00000000 00:00 0 
7f8445cb0000-7f8445cfc000 rw-p 00000000 00:00 0 
7f8445cfc000-7f8446088000 ---p 00000000 00:00 0 
7f8446088000-7f844648d000 rw-p 00000000 00:00 0 
7f844648d000-7f844648e000 ---p 00000000 00:00 0 
7f844648e000-7f8446599000 rw-p 00000000 00:00 0 
7f8446599000-7f844667a000 ---p 00000000 00:00 0 
7f844667a000-7f8446697000 rw-p 00000000 00:00 0 
7f8446697000-7f8446765000 ---p 00000000 00:00 0 
7f8446765000-7f844676a000 rw-p 00000000 00:00 0 
7f844676a000-7f8446771000 ---p 00000000 00:00 0 
7f8446771000-7f8446773000 r--p 00000000 08:04 13373308                   /usr/lib/jvm/java-11-openjdk-amd64/lib/libzip.so
7f8446773000-7f8446777000 r-xp 00002000 08:04 13373308                   /usr/lib/jvm/java-11-openjdk-amd64/lib/libzip.so
7f8446777000-7f8446779000 r--p 00006000 08:04 13373308                   /usr/lib/jvm/java-11-openjdk-amd64/lib/libzip.so
7f8446779000-7f844677a000 r--p 00007000 08:04 13373308                   /usr/lib/jvm/java-11-openjdk-amd64/lib/libzip.so
7f844677a000-7f844677b000 rw-p 00008000 08:04 13373308                   /usr/lib/jvm/java-11-openjdk-amd64/lib/libzip.so
7f844677b000-7f844677e000 r--p 00000000 08:04 13115633                   /usr/lib/x86_64-linux-gnu/libnss_files-2.33.so
7f844677e000-7f8446786000 r-xp 00003000 08:04 13115633                   /usr/lib/x86_64-linux-gnu/libnss_files-2.33.so
7f8446786000-7f8446788000 r--p 0000b000 08:04 13115633                   /usr/lib/x86_64-linux-gnu/libnss_files-2.33.so
7f8446788000-7f8446789000 r--p 0000c000 08:04 13115633                   /usr/lib/x86_64-linux-gnu/libnss_files-2.33.so
7f8446789000-7f844678a000 rw-p 0000d000 08:04 13115633                   /usr/lib/x86_64-linux-gnu/libnss_files-2.33.so
7f844678a000-7f8446790000 rw-p 00000000 00:00 0 
7f8446791000-7f8446798000 r--s 00000000 08:04 13764251                   /usr/lib/x86_64-linux-gnu/gconv/gconv-modules.cache
7f8446798000-7f84467a0000 rw-s 00000000 08:04 4461336                    /tmp/hsperfdata_dev/24148
7f84467a0000-7f84467a2000 r--p 00000000 08:04 13373290                   /usr/lib/jvm/java-11-openjdk-amd64/lib/libjdwp.so
7f84467a2000-7f84467cf000 r-xp 00002000 08:04 13373290                   /usr/lib/jvm/java-11-openjdk-amd64/lib/libjdwp.so
7f84467cf000-7f84467dd000 r--p 0002f000 08:04 13373290                   /usr/lib/jvm/java-11-openjdk-amd64/lib/libjdwp.so
7f84467dd000-7f84467de000 r--p 0003c000 08:04 13373290                   /usr/lib/jvm/java-11-openjdk-amd64/lib/libjdwp.so
7f84467de000-7f84467df000 rw-p 0003d000 08:04 13373290                   /usr/lib/jvm/java-11-openjdk-amd64/lib/libjdwp.so
7f84467df000-7f84467ec000 r--p 00000000 08:04 13373288                   /usr/lib/jvm/java-11-openjdk-amd64/lib/libjava.so
7f84467ec000-7f8446802000 r-xp 0000d000 08:04 13373288                   /usr/lib/jvm/java-11-openjdk-amd64/lib/libjava.so
7f8446802000-7f8446809000 r--p 00023000 08:04 13373288                   /usr/lib/jvm/java-11-openjdk-amd64/lib/libjava.so
7f8446809000-7f844680a000 r--p 00029000 08:04 13373288                   /usr/lib/jvm/java-11-openjdk-amd64/lib/libjava.so
7f844680a000-7f844680b000 rw-p 0002a000 08:04 13373288                   /usr/lib/jvm/java-11-openjdk-amd64/lib/libjava.so
7f844680b000-7f844680c000 rw-p 00000000 00:00 0 
7f844680c000-7f8446811000 r--p 00000000 08:04 13373307                   /usr/lib/jvm/java-11-openjdk-amd64/lib/libverify.so
7f8446811000-7f8446818000 r-xp 00005000 08:04 13373307                   /usr/lib/jvm/java-11-openjdk-amd64/lib/libverify.so
7f8446818000-7f844681a000 r--p 0000c000 08:04 13373307                   /usr/lib/jvm/java-11-openjdk-amd64/lib/libverify.so
7f844681a000-7f844681b000 ---p 0000e000 08:04 13373307                   /usr/lib/jvm/java-11-openjdk-amd64/lib/libverify.so
7f844681b000-7f844681d000 r--p 0000e000 08:04 13373307                   /usr/lib/jvm/java-11-openjdk-amd64/lib/libverify.so
7f844681d000-7f844681e000 rw-p 00010000 08:04 13373307                   /usr/lib/jvm/java-11-openjdk-amd64/lib/libverify.so
7f844681e000-7f8446821000 r--p 00000000 08:04 13115835                   /usr/lib/x86_64-linux-gnu/librt-2.33.so
7f8446821000-7f8446825000 r-xp 00003000 08:04 13115835                   /usr/lib/x86_64-linux-gnu/librt-2.33.so
7f8446825000-7f8446827000 r--p 00007000 08:04 13115835                   /usr/lib/x86_64-linux-gnu/librt-2.33.so
7f8446827000-7f8446828000 r--p 00008000 08:04 13115835                   /usr/lib/x86_64-linux-gnu/librt-2.33.so
7f8446828000-7f8446829000 rw-p 00009000 08:04 13115835                   /usr/lib/x86_64-linux-gnu/librt-2.33.so
7f8446829000-7f844682d000 ---p 00000000 00:00 0 
7f844682d000-7f844692a000 rw-p 00000000 00:00 0 
7f844692a000-7f844692d000 r--p 00000000 08:04 13108041                   /usr/lib/x86_64-linux-gnu/libgcc_s.so.1
7f844692d000-7f844693f000 r-xp 00003000 08:04 13108041                   /usr/lib/x86_64-linux-gnu/libgcc_s.so.1
7f844693f000-7f8446942000 r--p 00015000 08:04 13108041                   /usr/lib/x86_64-linux-gnu/libgcc_s.so.1
7f8446942000-7f8446943000 ---p 00018000 08:04 13108041                   /usr/lib/x86_64-linux-gnu/libgcc_s.so.1
7f8446943000-7f8446944000 r--p 00018000 08:04 13108041                   /usr/lib/x86_64-linux-gnu/libgcc_s.so.1
7f8446944000-7f8446945000 rw-p 00019000 08:04 13108041                   /usr/lib/x86_64-linux-gnu/libgcc_s.so.1
7f8446945000-7f8446954000 r--p 00000000 08:04 13115506                   /usr/lib/x86_64-linux-gnu/libm-2.33.so
7f8446954000-7f84469fa000 r-xp 0000f000 08:04 13115506                   /usr/lib/x86_64-linux-gnu/libm-2.33.so
7f84469fa000-7f8446a91000 r--p 000b5000 08:04 13115506                   /usr/lib/x86_64-linux-gnu/libm-2.33.so
7f8446a91000-7f8446a92000 r--p 0014b000 08:04 13115506                   /usr/lib/x86_64-linux-gnu/libm-2.33.so
7f8446a92000-7f8446a93000 rw-p 0014c000 08:04 13115506                   /usr/lib/x86_64-linux-gnu/libm-2.33.so
7f8446a93000-7f8446b2c000 r--p 00000000 08:04 13108329                   /usr/lib/x86_64-linux-gnu/libstdc++.so.6.0.29
7f8446b2c000-7f8446c2f000 r-xp 00099000 08:04 13108329                   /usr/lib/x86_64-linux-gnu/libstdc++.so.6.0.29
7f8446c2f000-7f8446c9b000 r--p 0019c000 08:04 13108329                   /usr/lib/x86_64-linux-gnu/libstdc++.so.6.0.29
7f8446c9b000-7f8446ca6000 r--p 00207000 08:04 13108329                   /usr/lib/x86_64-linux-gnu/libstdc++.so.6.0.29
7f8446ca6000-7f8446ca9000 rw-p 00212000 08:04 13108329                   /usr/lib/x86_64-linux-gnu/libstdc++.so.6.0.29
7f8446ca9000-7f8446cac000 rw-p 00000000 00:00 0 
7f8446cac000-7f8446f26000 r--p 00000000 08:04 13373314                   /usr/lib/jvm/java-11-openjdk-amd64/lib/server/libjvm.so
7f8446f26000-7f8447ba6000 r-xp 0027a000 08:04 13373314                   /usr/lib/jvm/java-11-openjdk-amd64/lib/server/libjvm.so
7f8447ba6000-7f8447dff000 r--p 00efa000 08:04 13373314                   /usr/lib/jvm/java-11-openjdk-amd64/lib/server/libjvm.so
7f8447dff000-7f8447e00000 ---p 01153000 08:04 13373314                   /usr/lib/jvm/java-11-openjdk-amd64/lib/server/libjvm.so
7f8447e00000-7f8447ec1000 r--p 01153000 08:04 13373314                   /usr/lib/jvm/java-11-openjdk-amd64/lib/server/libjvm.so
7f8447ec1000-7f8447efc000 rw-p 01214000 08:04 13373314                   /usr/lib/jvm/java-11-openjdk-amd64/lib/server/libjvm.so
7f8447efc000-7f8447f55000 rw-p 00000000 00:00 0 
7f8447f55000-7f8447f5c000 r--p 00000000 08:04 13115777                   /usr/lib/x86_64-linux-gnu/libpthread-2.33.so
7f8447f5c000-7f8447f6c000 r-xp 00007000 08:04 13115777                   /usr/lib/x86_64-linux-gnu/libpthread-2.33.so
7f8447f6c000-7f8447f71000 r--p 00017000 08:04 13115777                   /usr/lib/x86_64-linux-gnu/libpthread-2.33.so
7f8447f71000-7f8447f72000 r--p 0001b000 08:04 13115777                   /usr/lib/x86_64-linux-gnu/libpthread-2.33.so
7f8447f72000-7f8447f73000 rw-p 0001c000 08:04 13115777                   /usr/lib/x86_64-linux-gnu/libpthread-2.33.so
7f8447f73000-7f8447f77000 rw-p 00000000 00:00 0 
7f8447f77000-7f8447f79000 r--p 00000000 08:04 13114989                   /usr/lib/x86_64-linux-gnu/libdl-2.33.so
7f8447f79000-7f8447f7b000 r-xp 00002000 08:04 13114989                   /usr/lib/x86_64-linux-gnu/libdl-2.33.so
7f8447f7b000-7f8447f7c000 r--p 00004000 08:04 13114989                   /usr/lib/x86_64-linux-gnu/libdl-2.33.so
7f8447f7c000-7f8447f7d000 r--p 00004000 08:04 13114989                   /usr/lib/x86_64-linux-gnu/libdl-2.33.so
7f8447f7d000-7f8447f7e000 rw-p 00005000 08:04 13114989                   /usr/lib/x86_64-linux-gnu/libdl-2.33.so
7f8447f7e000-7f8447f80000 r--p 00000000 08:04 13116222                   /usr/lib/x86_64-linux-gnu/libz.so.1.2.11
7f8447f80000-7f8447f91000 r-xp 00002000 08:04 13116222                   /usr/lib/x86_64-linux-gnu/libz.so.1.2.11
7f8447f91000-7f8447f97000 r--p 00013000 08:04 13116222                   /usr/lib/x86_64-linux-gnu/libz.so.1.2.11
7f8447f97000-7f8447f98000 ---p 00019000 08:04 13116222                   /usr/lib/x86_64-linux-gnu/libz.so.1.2.11
7f8447f98000-7f8447f99000 r--p 00019000 08:04 13116222                   /usr/lib/x86_64-linux-gnu/libz.so.1.2.11
7f8447f99000-7f8447f9a000 rw-p 0001a000 08:04 13116222                   /usr/lib/x86_64-linux-gnu/libz.so.1.2.11
7f8447f9a000-7f8447fc0000 r--p 00000000 08:04 13114845                   /usr/lib/x86_64-linux-gnu/libc-2.33.so
7f8447fc0000-7f844812b000 r-xp 00026000 08:04 13114845                   /usr/lib/x86_64-linux-gnu/libc-2.33.so
7f844812b000-7f8448177000 r--p 00191000 08:04 13114845                   /usr/lib/x86_64-linux-gnu/libc-2.33.so
7f8448177000-7f844817a000 r--p 001dc000 08:04 13114845                   /usr/lib/x86_64-linux-gnu/libc-2.33.so
7f844817a000-7f844817d000 rw-p 001df000 08:04 13114845                   /usr/lib/x86_64-linux-gnu/libc-2.33.so
7f844817d000-7f8448186000 rw-p 00000000 00:00 0 
7f8448189000-7f844818b000 r--s 0000c000 08:04 13900007                   /usr/share/java/java-atk-wrapper.jar
7f844818b000-7f844818c000 ---p 00000000 00:00 0 
7f844818c000-7f844818d000 r--p 00000000 00:00 0 
7f844818d000-7f844818f000 r--p 00000000 08:04 13373291                   /usr/lib/jvm/java-11-openjdk-amd64/lib/libjimage.so
7f844818f000-7f8448192000 r-xp 00002000 08:04 13373291                   /usr/lib/jvm/java-11-openjdk-amd64/lib/libjimage.so
7f8448192000-7f8448194000 r--p 00005000 08:04 13373291                   /usr/lib/jvm/java-11-openjdk-amd64/lib/libjimage.so
7f8448194000-7f8448195000 r--p 00006000 08:04 13373291                   /usr/lib/jvm/java-11-openjdk-amd64/lib/libjimage.so
7f8448195000-7f8448196000 rw-p 00007000 08:04 13373291                   /usr/lib/jvm/java-11-openjdk-amd64/lib/libjimage.so
7f8448196000-7f8448199000 r--p 00000000 08:04 13373273                   /usr/lib/jvm/java-11-openjdk-amd64/lib/jli/libjli.so
7f8448199000-7f84481a3000 r-xp 00003000 08:04 13373273                   /usr/lib/jvm/java-11-openjdk-amd64/lib/jli/libjli.so
7f84481a3000-7f84481a6000 r--p 0000d000 08:04 13373273                   /usr/lib/jvm/java-11-openjdk-amd64/lib/jli/libjli.so
7f84481a6000-7f84481a7000 ---p 00010000 08:04 13373273                   /usr/lib/jvm/java-11-openjdk-amd64/lib/jli/libjli.so
7f84481a7000-7f84481a8000 r--p 00010000 08:04 13373273                   /usr/lib/jvm/java-11-openjdk-amd64/lib/jli/libjli.so
7f84481a8000-7f84481a9000 rw-p 00011000 08:04 13373273                   /usr/lib/jvm/java-11-openjdk-amd64/lib/jli/libjli.so
7f84481a9000-7f84481ab000 rw-p 00000000 00:00 0 
7f84481ab000-7f84481af000 r--p 00000000 00:00 0                          [vvar]
7f84481af000-7f84481b1000 r-xp 00000000 00:00 0                          [vdso]
7f84481b1000-7f84481b2000 r--p 00000000 08:04 13114627                   /usr/lib/x86_64-linux-gnu/ld-2.33.so
7f84481b2000-7f84481d9000 r-xp 00001000 08:04 13114627                   /usr/lib/x86_64-linux-gnu/ld-2.33.so
7f84481d9000-7f84481e3000 r--p 00028000 08:04 13114627                   /usr/lib/x86_64-linux-gnu/ld-2.33.so
7f84481e3000-7f84481e5000 r--p 00031000 08:04 13114627                   /usr/lib/x86_64-linux-gnu/ld-2.33.so
7f84481e5000-7f84481e7000 rw-p 00033000 08:04 13114627                   /usr/lib/x86_64-linux-gnu/ld-2.33.so
7fff513a9000-7fff513cf000 rw-p 00000000 00:00 0                          [stack]
ffffffffff600000-ffffffffff601000 --xp 00000000 00:00 0                  [vsyscall]


VM Arguments:
jvm_args: -agentlib:jdwp=transport=dt_socket,server=n,suspend=y,address=127.0.0.1:46835 -Dfile.encoding=UTF-8 -Duser.country=IN -Duser.language=en -Duser.variant 
java_command: com.clinic.website.WebsiteApplication
java_class_path (initial): /home/dev/Downloads/website/build/classes/java/main:/home/dev/Downloads/website/build/resources/main:/home/dev/.gradle/caches/modules-2/files-2.1/org.springframework.boot/spring-boot-devtools/2.5.4/106fbf3e6e7265efbcc3942c2d65f0ce1abf3889/spring-boot-devtools-2.5.4.jar:/home/dev/.gradle/caches/modules-2/files-2.1/org.springframework.boot/spring-boot-starter-actuator/2.5.4/9893d7a13bbe0e88dd9181fbcbf2d71041276475/spring-boot-starter-actuator-2.5.4.jar:/home/dev/.gradle/caches/modules-2/files-2.1/org.springframework.boot/spring-boot-starter-data-mongodb-reactive/2.5.4/c924b35443d2464847618ce7cfe75b6fd4b0a095/spring-boot-starter-data-mongodb-reactive-2.5.4.jar:/home/dev/.gradle/caches/modules-2/files-2.1/org.springframework.boot/spring-boot-starter-webflux/2.5.4/8285d3112320f0c916ea431a134f35d18574d66e/spring-boot-starter-webflux-2.5.4.jar:/home/dev/.gradle/caches/modules-2/files-2.1/org.springframework.cloud/spring-cloud-starter-config/3.0.4/528c404b5396492b5d9d65007d710bec07cc4beb/spring-cloud-starter-config-3.0.4.jar:/home/dev/.gradle/caches/modules-2/files-2.1/org.springframework.cloud/spring-cloud-starter-netflix-eureka-client/3.0.3/4a0a2920c7a9853ed45486b1e90625f679a23bca/spring-cloud-starter-netflix-eureka-client-3.0.3.jar:/home/dev/.gradle/caches/modules-2/files-2.1/io.jsonwebtoken/jjwt/0.9.0/64e3ed8a5f0bc93ecea592a0b3280f995efbdfe9/jjwt-0.9.0.jar:/home/dev/.gradle/caches/modules-2/files-2.1/io.jsonwebtoken/jjwt-impl/0.11.2/8fd8acf9d3cb9a2db05bfa484c2a1408cc3507f9/jjwt-impl-0.11.2.jar:/home/dev/.gradle/caches/modules-2/files-2.1/io.jsonwebtoken/jjwt-jackson/0.11.2/bff0b63d4cbace7b38551a70350875e69201ffeb/jjwt-jackson-0.11.2.jar:/home/dev/.gradle/caches/modules-2/files-2.1/io.jsonwebtoken/jjwt-api/0.11.2/57c34dce3e88f2972c5c5465b6291acfb5628084/jjwt-api-0.11.2.jar:/home/dev/.gradle/caches/modules-2/files-2.1/io.projectreactor/reactor-tools/3.4.9/b4f20f8da4100ff2ed758327481344a8c858ccf6/reactor-tools-3.4.9.jar:/home/dev/.gradle/caches
Launcher Type: SUN_STANDARD

[Global flags]
     intx CICompilerCount                          = 3                                         {product} {ergonomic}
     uint ConcGCThreads                            = 1                                         {product} {ergonomic}
     uint G1ConcRefinementThreads                  = 4                                         {product} {ergonomic}
   size_t G1HeapRegionSize                         = 1048576                                   {product} {ergonomic}
    uintx GCDrainStackTargetSize                   = 64                                        {product} {ergonomic}
   size_t InitialHeapSize                          = 130023424                                 {product} {ergonomic}
   size_t MarkStackSize                            = 4194304                                   {product} {ergonomic}
   size_t MaxHeapSize                              = 2063597568                                {product} {ergonomic}
   size_t MaxNewSize                               = 1237319680                                {product} {ergonomic}
   size_t MinHeapDeltaBytes                        = 1048576                                   {product} {ergonomic}
    uintx NonNMethodCodeHeapSize                   = 5830732                                {pd product} {ergonomic}
    uintx NonProfiledCodeHeapSize                  = 122913754                              {pd product} {ergonomic}
    uintx ProfiledCodeHeapSize                     = 122913754                              {pd product} {ergonomic}
    uintx ReservedCodeCacheSize                    = 251658240                              {pd product} {ergonomic}
     bool SegmentedCodeCache                       = true                                      {product} {ergonomic}
     bool UseCompressedClassPointers               = true                                 {lp64_product} {ergonomic}
     bool UseCompressedOops                        = true                                 {lp64_product} {ergonomic}
     bool UseG1GC                                  = true                                      {product} {ergonomic}

Logging:
Log output configuration:
 #0: stdout all=warning uptime,level,tags
 #1: stderr all=off uptime,level,tags

Environment Variables:
PATH=/usr/local/sbin:/usr/local/bin:/usr/sbin:/usr/bin:/sbin:/bin:/usr/games:/usr/local/games:/snap/bin:/snap/bin
USERNAME=dev
SHELL=/bin/bash
DISPLAY=:1
LANG=en_IN

Signal Handlers:
SIGSEGV: [libjvm.so+0xe874c0], sa_mask[0]=11111111011111111101111111111110, sa_flags=SA_RESTART|SA_SIGINFO
SIGBUS: [libjvm.so+0xe874c0], sa_mask[0]=11111111011111111101111111111110, sa_flags=SA_RESTART|SA_SIGINFO
SIGFPE: [libjvm.so+0xe874c0], sa_mask[0]=11111111011111111101111111111110, sa_flags=SA_RESTART|SA_SIGINFO
SIGPIPE: [libjvm.so+0xbcdfe0], sa_mask[0]=11111111011111111101111111111110, sa_flags=SA_RESTART|SA_SIGINFO
SIGXFSZ: [libjvm.so+0xbcdfe0], sa_mask[0]=11111111011111111101111111111110, sa_flags=SA_RESTART|SA_SIGINFO
SIGILL: [libjvm.so+0xe874c0], sa_mask[0]=11111111011111111101111111111110, sa_flags=SA_RESTART|SA_SIGINFO
SIGUSR2: [libjvm.so+0xbcde80], sa_mask[0]=00100000000000000000000000000000, sa_flags=SA_RESTART|SA_SIGINFO
SIGHUP: [libjvm.so+0xbce410], sa_mask[0]=11111111011111111101111111111110, sa_flags=SA_RESTART|SA_SIGINFO
SIGINT: [libjvm.so+0xbce410], sa_mask[0]=11111111011111111101111111111110, sa_flags=SA_RESTART|SA_SIGINFO
SIGTERM: [libjvm.so+0xbce410], sa_mask[0]=11111111011111111101111111111110, sa_flags=SA_RESTART|SA_SIGINFO
SIGQUIT: [libjvm.so+0xbce410], sa_mask[0]=11111111011111111101111111111110, sa_flags=SA_RESTART|SA_SIGINFO


---------------  S Y S T E M  ---------------

OS:DISTRIB_ID=Ubuntu
DISTRIB_RELEASE=21.04
DISTRIB_CODENAME=hirsute
DISTRIB_DESCRIPTION="Ubuntu 21.04"
uname:Linux 5.11.0-31-generic #33-Ubuntu SMP Wed Aug 11 13:19:04 UTC 2021 x86_64
OS uptime: 0 days 3:02 hours
libc:glibc 2.33 NPTL 2.33 
rlimit (soft/hard): STACK 8192k/infinity , CORE 0k/infinity , NPROC 31213/31213 , NOFILE 1048576/1048576 , AS infinity/infinity , CPU infinity/infinity , DATA infinity/infinity , FSIZE infinity/infinity , MEMLOCK 1007230k/1007230k
load average:1.18 1.12 1.27

/proc/meminfo:
MemTotal:        8057844 kB
MemFree:          201112 kB
MemAvailable:     770616 kB
Buffers:           34236 kB
Cached:           895172 kB
SwapCached:       447056 kB
Active:          3110024 kB
Inactive:        4306988 kB
Active(anon):    2661272 kB
Inactive(anon):  4020528 kB
Active(file):     448752 kB
Inactive(file):   286460 kB
Unevictable:       40080 kB
Mlocked:              32 kB
SwapTotal:      15998972 kB
SwapFree:       11028388 kB
Dirty:               524 kB
Writeback:             0 kB
AnonPages:       6250040 kB
Mapped:           353448 kB
Shmem:            215052 kB
KReclaimable:     105976 kB
Slab:             213464 kB
SReclaimable:     105976 kB
SUnreclaim:       107488 kB
KernelStack:       28192 kB
PageTables:        79252 kB
NFS_Unstable:          0 kB
Bounce:                0 kB
WritebackTmp:          0 kB
CommitLimit:    20027892 kB
Committed_AS:   20582544 kB
VmallocTotal:   34359738367 kB
VmallocUsed:       48096 kB
VmallocChunk:          0 kB
Percpu:             7872 kB
HardwareCorrupted:     0 kB
AnonHugePages:      2048 kB
ShmemHugePages:        0 kB
ShmemPmdMapped:        0 kB
FileHugePages:         0 kB
FilePmdMapped:         0 kB
HugePages_Total:       0
HugePages_Free:        0
HugePages_Rsvd:        0
HugePages_Surp:        0
Hugepagesize:       2048 kB
Hugetlb:               0 kB
DirectMap4k:      343744 kB
DirectMap2M:     7960576 kB

/sys/kernel/mm/transparent_hugepage/enabled:
always [madvise] never
/sys/kernel/mm/transparent_hugepage/defrag (defrag/compaction efforts parameter):
always defer defer+madvise [madvise] never

Process Memory:
Virtual Size: 5736664K (peak: 13446412K)
Resident Set Size: 466480K (peak: 480076K) (anon: 438612K, file: 27868K, shmem: 0K)
Swapped out: 0K
C-Heap outstanding allocations: 37740K

/proc/sys/kernel/threads-max (system-wide limit on the number of threads):
62427
/proc/sys/vm/max_map_count (maximum number of memory map areas a process may have):
65530
/proc/sys/kernel/pid_max (system-wide limit on number of process identifiers):
4194304

container (cgroup) information:
container_type: cgroupv1
cpu_cpuset_cpus: 0-3
cpu_memory_nodes: 0
active_processor_count: 4
cpu_quota: -1
cpu_period: 100000
cpu_shares: -1
memory_limit_in_bytes: -1
memory_and_swap_limit_in_bytes: -1
memory_soft_limit_in_bytes: -1
memory_usage_in_bytes: 7525994496
memory_max_usage_in_bytes: 7664279552

Steal ticks since vm start: 0
Steal ticks percentage since vm start:  0.000

CPU:total 4 (initial active 4) (2 cores per cpu, 2 threads per core) family 6 model 42 stepping 7 microcode 0x2f, cmov, cx8, fxsr, mmx, sse, sse2, sse3, ssse3, sse4.1, sse4.2, popcnt, avx, clmul, ht, tsc, tscinvbit
CPU Model and flags from /proc/cpuinfo:
model name	: Intel(R) Core(TM) i3-2100 CPU @ 3.10GHz
flags		: fpu vme de pse tsc msr pae mce cx8 apic sep mtrr pge mca cmov pat pse36 clflush dts acpi mmx fxsr sse sse2 ht tm pbe syscall nx rdtscp lm constant_tsc arch_perfmon pebs bts rep_good nopl xtopology nonstop_tsc cpuid aperfmperf pni pclmulqdq dtes64 monitor ds_cpl vmx est tm2 ssse3 cx16 xtpr pdcm pcid sse4_1 sse4_2 popcnt tsc_deadline_timer xsave avx lahf_lm epb pti ssbd ibrs ibpb stibp tpr_shadow vnmi flexpriority ept vpid xsaveopt dtherm arat pln pts md_clear flush_l1d
Online cpus:
0-3
Offline cpus:
4-7
BIOS frequency limitation:
<Not Available>
Frequency switch latency (ns):
20000
Available cpu frequencies:
<Not Available>
Current governor:
schedutil
Core performance/turbo boost:
<Not Available>

Memory: 4k page, physical 8057844k(201112k free), swap 15998972k(11028388k free)

vm_info: OpenJDK 64-Bit Server VM (11.0.11+9-Ubuntu-0ubuntu2) for linux-amd64 JRE (11.0.11+9-Ubuntu-0ubuntu2), built on Apr 21 2021 08:55:38 by "unknown" with gcc 10.3.0

END.
