#
# A fatal error has been detected by the Java Runtime Environment:
#
#  SIGSEGV (0xb) at pc=0x00007fbff342631e, pid=10571, tid=10581
#
# JRE version: OpenJDK Runtime Environment (11.0.11+9) (build 11.0.11+9-Ubuntu-0ubuntu2)
# Java VM: OpenJDK 64-Bit Server VM (11.0.11+9-Ubuntu-0ubuntu2, mixed mode, sharing, tiered, compressed oops, g1 gc, linux-amd64)
# Problematic frame:
# C  [libjimage.so+0x331e]
#
# Core dump will be written. Default location: Core dumps may be processed with "/usr/share/apport/apport %p %s %c %d %P %E" (or dumping to /home/dev/Downloads/website/core.10571)
#
# If you would like to submit a bug report, please visit:
#   https://bugs.launchpad.net/ubuntu/+source/openjdk-lts
#

---------------  S U M M A R Y ------------

Command Line: -agentlib:jdwp=transport=dt_socket,server=n,suspend=y,address=127.0.0.1:46687 -Dfile.encoding=UTF-8 -Duser.country=IN -Duser.language=en -Duser.variant com.clinic.website.WebsiteApplication

Host: Intel(R) Core(TM) i3-2100 CPU @ 3.10GHz, 4 cores, 7G, Ubuntu 21.04
Time: Wed Aug 25 18:35:53 2021 IST elapsed time: 589.732179 seconds (0d 0h 9m 49s)

---------------  T H R E A D  ---------------

Current thread (0x00007fbfec11c800):  JavaThread "Signal Dispatcher" daemon [_thread_in_vm, id=10581, stack(0x00007fbfd426d000,0x00007fbfd436e000)]

Stack: [0x00007fbfd426d000,0x00007fbfd436e000],  sp=0x00007fbfd436b170,  free space=1016k
Native frames: (J=compiled Java code, A=aot compiled Java code, j=interpreted, Vv=VM code, C=native code)
C  [libjimage.so+0x331e]
C  [libjimage.so+0x3fd2]
C  [libjimage.so+0x44d1]  JIMAGE_FindResource+0xf1
V  [libjvm.so+0x5af541]